Статистика тренировочного дата сета 
***---- head  ------*** 
     Attr_0    Attr_1    Attr_2  ...  Attr_560  subject  Activity
0  0.288585 -0.020294 -0.132905  ... -0.058627        1  STANDING
1  0.278419 -0.016411 -0.123520  ... -0.054317        1  STANDING
2  0.279653 -0.019467 -0.113462  ... -0.049118        1  STANDING
3  0.279174 -0.026201 -0.123283  ... -0.047663        1  STANDING
4  0.276629 -0.016570 -0.115362  ... -0.043892        1  STANDING

[5 rows x 563 columns] 
***---- shape  ------*** 
(7352, 563) 
***---- типы данных  ------*** 
Attr_0      float64
Attr_1      float64
Attr_2      float64
Attr_3      float64
Attr_4      float64
             ...   
Attr_558    float64
Attr_559    float64
Attr_560    float64
subject       int64
Activity     object
Length: 563, dtype: object 
***---- нулевые значения  ------*** 
Attr_0      0
Attr_1      0
Attr_2      0
Attr_3      0
Attr_4      0
           ..
Attr_558    0
Attr_559    0
Attr_560    0
subject     0
Activity    0
Length: 563, dtype: int64 
Статистика тестового дата сета 
***---- head  ------*** 
     Attr_0    Attr_1    Attr_2  ...  Attr_560  subject  Activity
0  0.257178 -0.023285 -0.014654  ... -0.057978        2  STANDING
1  0.286027 -0.013163 -0.119083  ... -0.083898        2  STANDING
2  0.275485 -0.026050 -0.118152  ... -0.079346        2  STANDING
3  0.270298 -0.032614 -0.117520  ... -0.077108        2  STANDING
4  0.274833 -0.027848 -0.129527  ... -0.073857        2  STANDING

[5 rows x 563 columns] 
***---- shape  ------*** 
(2947, 563) 
***---- типы данных  ------*** 
Attr_0      float64
Attr_1      float64
Attr_2      float64
Attr_3      float64
Attr_4      float64
             ...   
Attr_558    float64
Attr_559    float64
Attr_560    float64
subject       int64
Activity     object
Length: 563, dtype: object 
***---- нулевые значения  ------*** 
Attr_0      0
Attr_1      0
Attr_2      0
Attr_3      0
Attr_4      0
           ..
Attr_558    0
Attr_559    0
Attr_560    0
subject     0
Activity    0
Length: 563, dtype: int64 
Выполнение функции "Загрузка датасета" начало:2024-05-30 12:53:51.965595 
Выполнение функции "Загрузка датасета" завершение: 2024-05-30 12:53:51.990497 
Выполнение функции "Загрузка датасета" длительность: 0.0249021053314209 
Выполнение функции "Вычисление градиентного бустинга" начало:2024-05-30 12:53:51.991494 
 Report for GradientBoostingClassifier method 
Accuracy: 0.92 
Classification Report: 
              precision    recall  f1-score   support

           0       1.00      1.00      1.00       537
           1       0.91      0.79      0.85       491
           2       0.83      0.93      0.87       532
           3       0.92      0.97      0.94       496
           4       0.98      0.88      0.93       420
           5       0.90      0.91      0.91       471

    accuracy                           0.92      2947
   macro avg       0.92      0.91      0.92      2947
weighted avg       0.92      0.92      0.92      2947
 
Выполнение функции "Вычисление градиентного бустинга" завершение: 2024-05-30 14:52:56.563890 
Выполнение функции "Вычисление градиентного бустинга" длительность: 7144.572395801544 
Выполнение функции "Вычисление  CatBoosting" начало:2024-05-30 14:52:56.564890 
 Report for CatBoostClassifier method 
Accuracy: 0.91 
Classification Report: 
              precision    recall  f1-score   support

           0       1.00      1.00      1.00       537
           1       0.91      0.80      0.85       491
           2       0.84      0.92      0.88       532
           3       0.90      0.97      0.93       496
           4       0.96      0.85      0.91       420
           5       0.89      0.92      0.90       471

    accuracy                           0.91      2947
   macro avg       0.92      0.91      0.91      2947
weighted avg       0.91      0.91      0.91      2947
 
Выполнение функции "Вычисление  CatBoosting" завершение: 2024-05-30 15:05:24.015444 
Выполнение функции "Вычисление  CatBoosting" длительность: 747.4505541324615 
Выполнение функции "Вычисление Ada Boost" начало:2024-05-30 15:05:24.015444 
 Report for AdaBoostClassifier method 
Accuracy: 0.53 
Classification Report: 
              precision    recall  f1-score   support

           0       1.00      1.00      1.00       537
           1       0.00      0.00      0.00       491
           2       0.52      1.00      0.68       532
           3       0.36      1.00      0.53       496
           4       0.00      0.00      0.00       420
           5       0.00      0.00      0.00       471

    accuracy                           0.53      2947
   macro avg       0.31      0.50      0.37      2947
weighted avg       0.34      0.53      0.39      2947
 
Выполнение функции "Вычисление Ada Boost" завершение: 2024-05-30 15:09:24.566298 
Выполнение функции "Вычисление Ada Boost" длительность: 240.55085349082947 
Выполнение функции "Вычисление Extra Trees" начало:2024-05-30 15:09:24.567298 
 Report for ExtraTreesClassifier method 
Accuracy: 0.94 
Classification Report: 
              precision    recall  f1-score   support

           0       1.00      1.00      1.00       537
           1       0.97      0.89      0.93       491
           2       0.91      0.98      0.94       532
           3       0.92      0.98      0.95       496
           4       0.96      0.85      0.90       420
           5       0.90      0.94      0.92       471

    accuracy                           0.94      2947
   macro avg       0.94      0.94      0.94      2947
weighted avg       0.94      0.94      0.94      2947
 
Выполнение функции "Вычисление Extra Trees" завершение: 2024-05-30 15:09:32.437288 
Выполнение функции "Вычисление Extra Trees" длительность: 7.869989395141602 
Выполнение функции "Вычисление QDA" начало:2024-05-30 15:09:32.437288 
 Report for QuadraticDiscriminantAnalysis method 
Accuracy: 0.82 
Classification Report: 
              precision    recall  f1-score   support

           0       0.99      1.00      1.00       537
           1       0.91      0.70      0.79       491
           2       0.78      0.87      0.82       532
           3       0.83      0.90      0.87       496
           4       0.62      0.99      0.76       420
           5       0.96      0.47      0.63       471

    accuracy                           0.82      2947
   macro avg       0.85      0.82      0.81      2947
weighted avg       0.86      0.82      0.82      2947
 
Выполнение функции "Вычисление QDA" завершение: 2024-05-30 15:09:35.190271 
Выполнение функции "Вычисление QDA" длительность: 2.752983808517456 
Выполнение функции "Вычисление Light Gradient Boosting Machine" начало:2024-05-30 15:09:35.191273 
 Report for LGBMClassifier method 
Accuracy: 0.94 
Classification Report: 
              precision    recall  f1-score   support

           0       1.00      1.00      1.00       537
           1       0.93      0.84      0.88       491
           2       0.86      0.94      0.90       532
           3       0.93      0.98      0.96       496
           4       0.98      0.92      0.95       420
           5       0.93      0.93      0.93       471

    accuracy                           0.94      2947
   macro avg       0.94      0.94      0.94      2947
weighted avg       0.94      0.94      0.94      2947
 
Выполнение функции "Вычисление Light Gradient Boosting Machine" завершение: 2024-05-30 15:10:50.211112 
Выполнение функции "Вычисление Light Gradient Boosting Machine" длительность: 75.01983904838562 
Выполнение функции "Классификатор дерева решений" начало:2024-05-30 15:10:50.212113 
 Report for DecisionTreeClassifier method 
Accuracy: 0.86 
Classification Report: 
              precision    recall  f1-score   support

           0       1.00      1.00      1.00       537
           1       0.83      0.76      0.80       491
           2       0.80      0.86      0.83       532
           3       0.83      0.92      0.87       496
           4       0.89      0.83      0.86       420
           5       0.83      0.78      0.80       471

    accuracy                           0.86      2947
   macro avg       0.86      0.86      0.86      2947
weighted avg       0.86      0.86      0.86      2947
 
Выполнение функции "Классификатор дерева решений" завершение: 2024-05-30 15:10:57.258369 
Выполнение функции "Классификатор дерева решений" длительность: 7.046255588531494 
Выполнение функции "Экстремальный градиентный бустинг" начало:2024-05-30 15:10:57.258369 
 Report for XGBClassifier method 
Accuracy: 0.94 
Classification Report: 
              precision    recall  f1-score   support

           0       1.00      1.00      1.00       537
           1       0.94      0.86      0.90       491
           2       0.89      0.95      0.92       532
           3       0.93      0.98      0.95       496
           4       0.96      0.91      0.94       420
           5       0.93      0.93      0.93       471

    accuracy                           0.94      2947
   macro avg       0.94      0.94      0.94      2947
weighted avg       0.94      0.94      0.94      2947
 
Выполнение функции "Экстремальный градиентный бустинг" завершение: 2024-05-30 15:11:25.581233 
Выполнение функции "Экстремальный градиентный бустинг" длительность: 28.322864770889282 
Выполнение функции "Фиктивный классификатор" начало:2024-05-30 15:11:25.581746 
 Report for DummyClassifier method 
Accuracy: 0.18 
Classification Report: 
              precision    recall  f1-score   support

           0       0.18      1.00      0.31       537
           1       0.00      0.00      0.00       491
           2       0.00      0.00      0.00       532
           3       0.00      0.00      0.00       496
           4       0.00      0.00      0.00       420
           5       0.00      0.00      0.00       471

    accuracy                           0.18      2947
   macro avg       0.03      0.17      0.05      2947
weighted avg       0.03      0.18      0.06      2947
 
Выполнение функции "Фиктивный классификатор" завершение: 2024-05-30 15:11:25.594750 
Выполнение функции "Фиктивный классификатор" длительность: 0.01300358772277832 
Выполнение функции "SVM - линейное ядро" начало:2024-05-30 15:11:25.594750 
 Report for SVC method 
Accuracy: 0.96 
Classification Report: 
              precision    recall  f1-score   support

           0       1.00      1.00      1.00       537
           1       0.96      0.89      0.93       491
           2       0.91      0.97      0.94       532
           3       0.94      0.99      0.96       496
           4       0.99      0.94      0.96       420
           5       0.95      0.95      0.95       471

    accuracy                           0.96      2947
   macro avg       0.96      0.96      0.96      2947
weighted avg       0.96      0.96      0.96      2947
 
Выполнение функции "SVM - линейное ядро" завершение: 2024-05-30 15:11:30.264356 
Выполнение функции "SVM - линейное ядро" длительность: 4.6696062088012695 
Выполнение функции "K ближайших соседей" начало:2024-05-30 15:11:30.265356 
 Report for KNeighborsClassifier method 
Accuracy: 0.90 
Classification Report: 
              precision    recall  f1-score   support

           0       1.00      1.00      1.00       537
           1       0.88      0.86      0.87       491
           2       0.87      0.89      0.88       532
           3       0.83      0.98      0.90       496
           4       0.94      0.78      0.85       420
           5       0.91      0.88      0.90       471

    accuracy                           0.90      2947
   macro avg       0.91      0.90      0.90      2947
weighted avg       0.91      0.90      0.90      2947
 
Выполнение функции "K ближайших соседей" завершение: 2024-05-30 15:11:31.046634 
Выполнение функции "K ближайших соседей" длительность: 0.7812778949737549 
Атрибут  Attr_381 имеет вес: 0.265078550878213 
Атрибут  Attr_389 имеет вес: 0.22801397422914266 
Атрибут  Attr_99 имеет вес: 0.07584267245088552 
Атрибут  Attr_366 имеет вес: 0.07559477723397041 
Атрибут  Attr_52 имеет вес: 0.06595846966525146 
Атрибут  Attr_181 имеет вес: 0.03796247632010447 
Атрибут  Attr_96 имеет вес: 0.03789381186110176 
Атрибут  Attr_353 имеет вес: 0.03771818018701236 
Атрибут  Attr_40 имеет вес: 0.02452512704147177 
Атрибут  Attr_74 имеет вес: 0.018360931229144943 
Атрибут  Attr_73 имеет вес: 0.016492141668673722 
Атрибут  Attr_69 имеет вес: 0.015336987071392392 
Атрибут  Attr_503 имеет вес: 0.014552976521909866 
Атрибут  Attr_41 имеет вес: 0.011087031355108317 
Атрибут  Attr_559 имеет вес: 0.009304690551916918 
Атрибут  Attr_56 имеет вес: 0.00560231068562694 
Атрибут  Attr_558 имеет вес: 0.0051137610785512095 
Атрибут  Attr_302 имеет вес: 0.004944540201306689 
Атрибут  Attr_57 имеет вес: 0.003834133143664356 
Атрибут  Attr_450 имеет вес: 0.0031192114473694633 
Атрибут  Attr_448 имеет вес: 0.0024621872481078145 
Атрибут  Attr_50 имеет вес: 0.002429658518534084 
Атрибут  Attr_53 имеет вес: 0.0023514133331567714 
Атрибут  Attr_70 имеет вес: 0.0017212264754668013 
Атрибут  Attr_37 имеет вес: 0.0016670734450872614 
Атрибут  Attr_9 имеет вес: 0.0015887493901395738 
Атрибут  Attr_274 имеет вес: 0.0012006243821787404 
Атрибут  Attr_75 имеет вес: 0.0010276834444244928 
Атрибут  Attr_89 имеет вес: 0.0008532218757137082 
Атрибут  Attr_104 имеет вес: 0.000826684143445471 
Атрибут  Attr_159 имеет вес: 0.0007983201184198263 
Атрибут  Attr_129 имеет вес: 0.000775301196513174 
Атрибут  Attr_65 имеет вес: 0.000744780933445021 
Атрибут  Attr_157 имеет вес: 0.0005584396945153235 
Атрибут  Attr_451 имеет вес: 0.0005011832901080424 
Атрибут  Attr_197 имеет вес: 0.00043606140578203315 
Атрибут  Attr_199 имеет вес: 0.0004022757386905916 
Атрибут  Attr_268 имеет вес: 0.00037966311819369444 
Атрибут  Attr_132 имеет вес: 0.00036135560515236404 
Атрибут  Attr_222 имеет вес: 0.000340669060747309 
Атрибут  Attr_209 имеет вес: 0.00033960564785273217 
Атрибут  Attr_117 имеет вес: 0.0003356466876957063 
Атрибут  Attr_66 имеет вес: 0.0003179023965938897 
Атрибут  Attr_457 имеет вес: 0.0002976847966117021 
Атрибут  Attr_488 имеет вес: 0.000296739193332976 
Атрибут  Attr_141 имеет вес: 0.00028793326871522155 
Атрибут  Attr_409 имеет вес: 0.0002869099882168613 
Атрибут  Attr_505 имеет вес: 0.00028613109981631154 
Атрибут  Attr_504 имеет вес: 0.00028543298099699204 
Атрибут  Attr_316 имеет вес: 0.0002801070701918595 
Атрибут  Attr_158 имеет вес: 0.0002695081365225352 
Атрибут  Attr_434 имеет вес: 0.00026319023430122394 
Атрибут  Attr_198 имеет вес: 0.00025172395321265 
Атрибут  Attr_502 имеет вес: 0.0002485606981293137 
Атрибут  Attr_91 имеет вес: 0.00024676094599791477 
Атрибут  Attr_214 имеет вес: 0.00024199566425804178 
Атрибут  Attr_461 имеет вес: 0.00024072138774137268 
Атрибут  Attr_196 имеет вес: 0.00023795808091849757 
Атрибут  Attr_139 имеет вес: 0.00023514540355795412 
Атрибут  Attr_518 имеет вес: 0.00023143063000504203 
Атрибут  Attr_423 имеет вес: 0.00022660231416537824 
Атрибут  Attr_458 имеет вес: 0.00022326559427766494 
Атрибут  Attr_102 имеет вес: 0.00022183831351376866 
Атрибут  Attr_49 имеет вес: 0.00021863636469460793 
Атрибут  Attr_55 имеет вес: 0.00020581909505066245 
Атрибут  Attr_429 имеет вес: 0.00020141394135880672 
Атрибут  Attr_179 имеет вес: 0.00019980431877911933 
Атрибут  Attr_236 имеет вес: 0.00019551022607113802 
Атрибут  Attr_22 имеет вес: 0.00019359185543495525 
Атрибут  Attr_51 имеет вес: 0.000174940801884172 
Атрибут  Attr_149 имеет вес: 0.00017304972863371146 
Атрибут  Attr_300 имеет вес: 0.00017121552895467748 
Атрибут  Attr_295 имеет вес: 0.00017016498384288492 
Атрибут  Attr_369 имеет вес: 0.0001683003277430419 
Атрибут  Attr_122 имеет вес: 0.00016500051404061812 
Атрибут  Attr_130 имеет вес: 0.000163326445086179 
Атрибут  Attr_296 имеет вес: 0.0001630771954581117 
Атрибут  Attr_310 имеет вес: 0.0001628782510995465 
Атрибут  Attr_516 имеет вес: 0.00016284245615262117 
Атрибут  Attr_71 имеет вес: 0.00016071997565996716 
Атрибут  Attr_507 имеет вес: 0.00015878085464332393 
Атрибут  Attr_46 имеет вес: 0.0001542332732825919 
Атрибут  Attr_39 имеет вес: 0.00014779471444071257 
Атрибут  Attr_58 имеет вес: 0.00014604242928085195 
Атрибут  Attr_67 имеет вес: 0.0001430655942012066 
Атрибут  Attr_184 имеет вес: 0.00014180240433617395 
Атрибут  Attr_216 имеет вес: 0.00013860888444467367 
Атрибут  Attr_426 имеет вес: 0.00013813425830721312 
Атрибут  Attr_508 имеет вес: 0.00013593986168830942 
Атрибут  Attr_432 имеет вес: 0.00013316272089401612 
Атрибут  Attr_538 имеет вес: 0.00013290015810394877 
Атрибут  Attr_54 имеет вес: 0.00013065779734436288 
Атрибут  Attr_187 имеет вес: 0.00012817964841019584 
Атрибут  Attr_298 имеет вес: 0.00012772680198920176 
Атрибут  Attr_128 имеет вес: 0.0001263788181126087 
Атрибут  Attr_526 имеет вес: 0.00012337513311025955 
Атрибут  Attr_237 имеет вес: 0.00011761266882602652 
Атрибут  Attr_297 имеет вес: 0.00011331640034214824 
Атрибут  Attr_331 имеет вес: 0.00011154626749240559 
Атрибут  Attr_252 имеет вес: 0.00010813999799120495 
Атрибут  Attr_172 имеет вес: 0.00010680620974020084 
Атрибут  Attr_556 имеет вес: 0.00010363402813006055 
Атрибут  Attr_248 имеет вес: 0.00010360710280834613 
Атрибут  Attr_512 имеет вес: 0.00010351364041268874 
Атрибут  Attr_136 имеет вес: 0.0001004500683201881 
Атрибут  Attr_108 имеет вес: 9.810850353791836e-05 
Атрибут  Attr_452 имеет вес: 9.673671772815432e-05 
Атрибут  Attr_3 имеет вес: 9.375213165533294e-05 
Атрибут  Attr_76 имеет вес: 9.099206997372698e-05 
Атрибут  Attr_460 имеет вес: 8.939843174178024e-05 
Атрибут  Attr_475 имеет вес: 8.937840580097553e-05 
Атрибут  Attr_251 имеет вес: 8.921884057346318e-05 
Атрибут  Attr_186 имеет вес: 8.568051889531534e-05 
Атрибут  Attr_238 имеет вес: 8.560083694889308e-05 
Атрибут  Attr_395 имеет вес: 8.532175711274251e-05 
Атрибут  Attr_459 имеет вес: 8.402347011993512e-05 
Атрибут  Attr_445 имеет вес: 8.21758800891954e-05 
Атрибут  Attr_202 имеет вес: 8.143145510753743e-05 
Атрибут  Attr_134 имеет вес: 7.552819179565543e-05 
Атрибут  Attr_12 имеет вес: 7.371235184420507e-05 
Атрибут  Attr_527 имеет вес: 7.319922384103269e-05 
Атрибут  Attr_145 имеет вес: 7.16344715515478e-05 
Атрибут  Attr_456 имеет вес: 7.143144018642645e-05 
Атрибут  Attr_491 имеет вес: 7.08462117175527e-05 
Атрибут  Attr_142 имеет вес: 7.044982993218624e-05 
Атрибут  Attr_133 имеет вес: 6.960429287094347e-05 
Атрибут  Attr_314 имеет вес: 6.90749767094053e-05 
Атрибут  Attr_433 имеет вес: 6.890640048423212e-05 
Атрибут  Attr_560 имеет вес: 6.83154147031768e-05 
Атрибут  Attr_166 имеет вес: 6.761566788840876e-05 
Атрибут  Attr_112 имеет вес: 6.678175644576285e-05 
Атрибут  Attr_120 имеет вес: 6.509704188478438e-05 
Атрибут  Attr_263 имеет вес: 6.39344157472222e-05 
Атрибут  Attr_42 имеет вес: 6.337999775943177e-05 
Атрибут  Attr_43 имеет вес: 6.268562370607103e-05 
Атрибут  Attr_86 имеет вес: 6.23795502831501e-05 
Атрибут  Attr_371 имеет вес: 6.189822359863545e-05 
Атрибут  Attr_557 имеет вес: 6.15858187865301e-05 
Атрибут  Attr_293 имеет вес: 6.0639614133360526e-05 
Атрибут  Attr_469 имеет вес: 5.80384106542033e-05 
Атрибут  Attr_553 имеет вес: 5.766752458258196e-05 
Атрибут  Attr_0 имеет вес: 5.695741339797066e-05 
Атрибут  Attr_32 имеет вес: 5.6412035769611436e-05 
Атрибут  Attr_194 имеет вес: 5.6030631603835195e-05 
Атрибут  Attr_482 имеет вес: 5.530994548296216e-05 
Атрибут  Attr_38 имеет вес: 5.5139027781576324e-05 
Атрибут  Attr_16 имеет вес: 5.480736637534005e-05 
Атрибут  Attr_118 имеет вес: 5.4607110786501244e-05 
Атрибут  Attr_418 имеет вес: 5.437609182699919e-05 
Атрибут  Attr_410 имеет вес: 5.4161539394099134e-05 
Атрибут  Attr_147 имеет вес: 5.3564624684132436e-05 
Атрибут  Attr_150 имеет вес: 5.321733722304364e-05 
Атрибут  Attr_113 имеет вес: 5.2828970202239304e-05 
Атрибут  Attr_552 имеет вес: 5.084144476920736e-05 
Атрибут  Attr_500 имеет вес: 5.081494833721244e-05 
Атрибут  Attr_276 имеет вес: 5.064989426496241e-05 
Атрибут  Attr_11 имеет вес: 4.998827040925354e-05 
Атрибут  Attr_224 имеет вес: 4.9666574704962556e-05 
Атрибут  Attr_355 имеет вес: 4.921105682775078e-05 
Атрибут  Attr_13 имеет вес: 4.8257778316891746e-05 
Атрибут  Attr_44 имеет вес: 4.754271994596494e-05 
Атрибут  Attr_511 имеет вес: 4.747682193435942e-05 
Атрибут  Attr_287 имеет вес: 4.710465833176722e-05 
Атрибут  Attr_301 имеет вес: 4.611545092864036e-05 
Атрибут  Attr_386 имеет вес: 4.50512284952402e-05 
Атрибут  Attr_36 имеет вес: 4.3865342277047946e-05 
Атрибут  Attr_370 имеет вес: 4.3486224341578175e-05 
Атрибут  Attr_227 имеет вес: 4.296304164518335e-05 
Атрибут  Attr_126 имеет вес: 4.283452739543263e-05 
Атрибут  Attr_269 имеет вес: 4.257846236671579e-05 
Атрибут  Attr_233 имеет вес: 4.250336695457481e-05 
Атрибут  Attr_170 имеет вес: 4.2300065194403714e-05 
Атрибут  Attr_509 имеет вес: 4.2182375360477296e-05 
Атрибут  Attr_322 имеет вес: 4.189680159627743e-05 
Атрибут  Attr_105 имеет вес: 4.1800042418674984e-05 
Атрибут  Attr_92 имеет вес: 4.17462309553646e-05 
Атрибут  Attr_281 имеет вес: 4.126672348593888e-05 
Атрибут  Attr_81 имеет вес: 4.124676113480026e-05 
Атрибут  Attr_168 имеет вес: 4.0903921088602266e-05 
Атрибут  Attr_100 имеет вес: 4.053154528580456e-05 
Атрибут  Attr_454 имеет вес: 4.0416629214674776e-05 
Атрибут  Attr_185 имеет вес: 4.041220287296769e-05 
Атрибут  Attr_152 имеет вес: 4.023412984175914e-05 
Атрибут  Attr_87 имеет вес: 4.003528200675756e-05 
Атрибут  Attr_189 имеет вес: 3.954894679445221e-05 
Атрибут  Attr_230 имеет вес: 3.950459893841565e-05 
Атрибут  Attr_501 имеет вес: 3.9259675012351995e-05 
Атрибут  Attr_182 имеет вес: 3.9173093507471e-05 
Атрибут  Attr_201 имеет вес: 3.9049787980746e-05 
Атрибут  Attr_124 имеет вес: 3.8735027748865123e-05 
Атрибут  Attr_34 имеет вес: 3.800830942599896e-05 
Атрибут  Attr_23 имеет вес: 3.7806601061860924e-05 
Атрибут  Attr_532 имеет вес: 3.753559095563667e-05 
Атрибут  Attr_106 имеет вес: 3.7483763327036243e-05 
Атрибут  Attr_79 имеет вес: 3.7376570893507716e-05 
Атрибут  Attr_497 имеет вес: 3.735065047642654e-05 
Атрибут  Attr_60 имеет вес: 3.706799586004678e-05 
Атрибут  Attr_228 имеет вес: 3.687331402805139e-05 
Атрибут  Attr_472 имеет вес: 3.665505021937397e-05 
Атрибут  Attr_265 имеет вес: 3.6627902017779114e-05 
Атрибут  Attr_462 имеет вес: 3.645962086707787e-05 
Атрибут  Attr_78 имеет вес: 3.6150778209461605e-05 
Атрибут  Attr_550 имеет вес: 3.609452460307325e-05 
Атрибут  Attr_115 имеет вес: 3.601690942473168e-05 
Атрибут  Attr_249 имеет вес: 3.5690399757679554e-05 
Атрибут  Attr_153 имеет вес: 3.4858205382195555e-05 
Атрибут  Attr_235 имеет вес: 3.478235162088452e-05 
Атрибут  Attr_279 имеет вес: 3.471584193093196e-05 
Атрибут  Attr_192 имеет вес: 3.451876080615834e-05 
Атрибут  Attr_540 имеет вес: 3.406351511081279e-05 
Атрибут  Attr_137 имеет вес: 3.382036272366676e-05 
Атрибут  Attr_342 имеет вес: 3.3795246423565585e-05 
Атрибут  Attr_30 имеет вес: 3.377340015495496e-05 
Атрибут  Attr_385 имеет вес: 3.3152576704011976e-05 
Атрибут  Attr_413 имеет вес: 3.307412641693293e-05 
Атрибут  Attr_275 имеет вес: 3.2756164977481135e-05 
Атрибут  Attr_378 имеет вес: 3.2584918324045745e-05 
Атрибут  Attr_377 имеет вес: 3.225382151848999e-05 
Атрибут  Attr_476 имеет вес: 3.141963973394133e-05 
Атрибут  Attr_305 имеет вес: 3.136293516556222e-05 
Атрибут  Attr_35 имеет вес: 3.1294183155869596e-05 
Атрибут  Attr_140 имеет вес: 3.0679136748231806e-05 
Атрибут  Attr_348 имеет вес: 3.0409962088691568e-05 
Атрибут  Attr_114 имеет вес: 3.0204429649090873e-05 
Атрибут  Attr_15 имеет вес: 3.003509820618865e-05 
Атрибут  Attr_17 имеет вес: 3.0024043021126635e-05 
Атрибут  Attr_542 имеет вес: 2.9632403217448112e-05 
Атрибут  Attr_206 имеет вес: 2.96231077913501e-05 
Атрибут  Attr_156 имеет вес: 2.9498411400954645e-05 
Атрибут  Attr_446 имеет вес: 2.92409147105519e-05 
Атрибут  Attr_417 имеет вес: 2.915978630082188e-05 
Атрибут  Attr_299 имеет вес: 2.902054818463291e-05 
Атрибут  Attr_467 имеет вес: 2.8992089002806484e-05 
Атрибут  Attr_349 имеет вес: 2.8839857779757458e-05 
Атрибут  Attr_455 имеет вес: 2.8641864313121256e-05 
Атрибут  Attr_148 имеет вес: 2.844842660316549e-05 
Атрибут  Attr_495 имеет вес: 2.8245689600602185e-05 
Атрибут  Attr_259 имеет вес: 2.8197862488266277e-05 
Атрибут  Attr_138 имеет вес: 2.7924856791385553e-05 
Атрибут  Attr_431 имеет вес: 2.7913887388524992e-05 
Атрибут  Attr_525 имеет вес: 2.7768902283942862e-05 
Атрибут  Attr_328 имеет вес: 2.766758313100694e-05 
Атрибут  Attr_165 имеет вес: 2.7452172667815712e-05 
Атрибут  Attr_344 имеет вес: 2.7339649756042305e-05 
Атрибут  Attr_436 имеет вес: 2.7035157581052215e-05 
Атрибут  Attr_465 имеет вес: 2.6903556650665832e-05 
Атрибут  Attr_31 имеет вес: 2.6597530034483304e-05 
Атрибут  Attr_524 имеет вес: 2.6580271055340072e-05 
Атрибут  Attr_271 имеет вес: 2.6365967966291054e-05 
Атрибут  Attr_338 имеет вес: 2.6127029901349828e-05 
Атрибут  Attr_195 имеет вес: 2.6083578939677185e-05 
Атрибут  Attr_204 имеет вес: 2.5491277877499548e-05 
Атрибут  Attr_116 имеет вес: 2.5213341747803888e-05 
Атрибут  Attr_427 имеет вес: 2.5142219652711717e-05 
Атрибут  Attr_425 имеет вес: 2.5106774854744783e-05 
Атрибут  Attr_229 имеет вес: 2.5038152573368822e-05 
Атрибут  Attr_277 имеет вес: 2.485295528603249e-05 
Атрибут  Attr_537 имеет вес: 2.4803753215581072e-05 
Атрибут  Attr_510 имеет вес: 2.477110967515724e-05 
Атрибут  Attr_473 имеет вес: 2.455547808955158e-05 
Атрибут  Attr_529 имеет вес: 2.4216110600090467e-05 
Атрибут  Attr_160 имеет вес: 2.4191665972925684e-05 
Атрибут  Attr_2 имеет вес: 2.3993587838795004e-05 
Атрибут  Attr_408 имеет вес: 2.394545184279862e-05 
Атрибут  Attr_94 имеет вес: 2.3476050530055756e-05 
Атрибут  Attr_264 имеет вес: 2.2969177119901743e-05 
Атрибут  Attr_176 имеет вес: 2.291779885950309e-05 
Атрибут  Attr_528 имеет вес: 2.261242607115501e-05 
Атрибут  Attr_24 имеет вес: 2.255833928755827e-05 
Атрибут  Attr_25 имеет вес: 2.253132633325292e-05 
Атрибут  Attr_225 имеет вес: 2.252258010600898e-05 
Атрибут  Attr_447 имеет вес: 2.25090026007811e-05 
Атрибут  Attr_359 имеет вес: 2.233406208949564e-05 
Атрибут  Attr_330 имеет вес: 2.2280930115989386e-05 
Атрибут  Attr_180 имеет вес: 2.171762330736438e-05 
Атрибут  Attr_77 имеет вес: 2.1700988826532668e-05 
Атрибут  Attr_290 имеет вес: 2.1592446080936542e-05 
Атрибут  Attr_217 имеет вес: 2.155953745112853e-05 
Атрибут  Attr_207 имеет вес: 2.1354585315379216e-05 
Атрибут  Attr_543 имеет вес: 2.1289316706334822e-05 
Атрибут  Attr_191 имеет вес: 2.117665032712283e-05 
Атрибут  Attr_306 имеет вес: 2.1170848401575886e-05 
Атрибут  Attr_421 имеет вес: 2.107099119324489e-05 
Атрибут  Attr_375 имеет вес: 2.106029496956001e-05 
Атрибут  Attr_437 имеет вес: 2.0808186165594735e-05 
Атрибут  Attr_219 имеет вес: 2.0749263189960495e-05 
Атрибут  Attr_174 имеет вес: 2.0633292249878313e-05 
Атрибут  Attr_318 имеет вес: 2.0423512621981997e-05 
Атрибут  Attr_26 имеет вес: 2.028342597959066e-05 
Атрибут  Attr_486 имеет вес: 2.0259084142225553e-05 
Атрибут  Attr_261 имеет вес: 2.0219884590214074e-05 
Атрибут  Attr_468 имеет вес: 2.0033811073491893e-05 
Атрибут  Attr_547 имеет вес: 1.9958859300970868e-05 
Атрибут  Attr_103 имеет вес: 1.9872538931722602e-05 
Атрибут  Attr_169 имеет вес: 1.9765498056943444e-05 
Атрибут  Attr_376 имеет вес: 1.970680367634579e-05 
Атрибут  Attr_463 имеет вес: 1.959806272659653e-05 
Атрибут  Attr_14 имеет вес: 1.932077024420079e-05 
Атрибут  Attr_292 имеет вес: 1.916659774602709e-05 
Атрибут  Attr_350 имеет вес: 1.872869966616406e-05 
Атрибут  Attr_358 имеет вес: 1.8647425014361425e-05 
Атрибут  Attr_517 имеет вес: 1.8552778388726465e-05 
Атрибут  Attr_474 имеет вес: 1.8190579470193814e-05 
Атрибут  Attr_21 имеет вес: 1.8134811402120033e-05 
Атрибут  Attr_487 имеет вес: 1.809532467163781e-05 
Атрибут  Attr_18 имеет вес: 1.8068470975004707e-05 
Атрибут  Attr_28 имеет вес: 1.7907654120486658e-05 
Атрибут  Attr_45 имеет вес: 1.770164794407504e-05 
Атрибут  Attr_506 имеет вес: 1.7547709978174484e-05 
Атрибут  Attr_163 имеет вес: 1.7335005345535462e-05 
Атрибут  Attr_68 имеет вес: 1.7230489974492487e-05 
Атрибут  Attr_441 имеет вес: 1.717305500598806e-05 
Атрибут  Attr_47 имеет вес: 1.7140220607823183e-05 
Атрибут  Attr_270 имеет вес: 1.694336750363205e-05 
Атрибут  Attr_396 имеет вес: 1.693847289043246e-05 
Атрибут  Attr_555 имеет вес: 1.684006159064842e-05 
Атрибут  Attr_340 имеет вес: 1.680908241403797e-05 
Атрибут  Attr_19 имеет вес: 1.670859390764511e-05 
Атрибут  Attr_97 имеет вес: 1.6678416593440407e-05 
Атрибут  Attr_407 имеет вес: 1.655093445285787e-05 
Атрибут  Attr_6 имеет вес: 1.6513743783695268e-05 
Атрибут  Attr_402 имеет вес: 1.6451908116528582e-05 
Атрибут  Attr_363 имеет вес: 1.6317826364538423e-05 
Атрибут  Attr_121 имеет вес: 1.6286433832158233e-05 
Атрибут  Attr_326 имеет вес: 1.6195486622731216e-05 
Атрибут  Attr_272 имеет вес: 1.6087236355977786e-05 
Атрибут  Attr_327 имеет вес: 1.5898103737253236e-05 
Атрибут  Attr_412 имеет вес: 1.5764799771439664e-05 
Атрибут  Attr_428 имеет вес: 1.5721257151972182e-05 
Атрибут  Attr_341 имеет вес: 1.558875854520519e-05 
Атрибут  Attr_258 имеет вес: 1.5571467253128445e-05 
Атрибут  Attr_226 имеет вес: 1.5533385212078146e-05 
Атрибут  Attr_111 имеет вес: 1.5499877849039254e-05 
Атрибут  Attr_146 имеет вес: 1.5491725447026643e-05 
Атрибут  Attr_382 имеет вес: 1.5432085705572173e-05 
Атрибут  Attr_466 имеет вес: 1.538213160756289e-05 
Атрибут  Attr_403 имеет вес: 1.5099553825452108e-05 
Атрибут  Attr_485 имеет вес: 1.5081773712705756e-05 
Атрибут  Attr_131 имеет вес: 1.501032943064763e-05 
Атрибут  Attr_223 имеет вес: 1.4879957716634016e-05 
Атрибут  Attr_273 имеет вес: 1.4827109578521968e-05 
Атрибут  Attr_531 имеет вес: 1.4825183588557843e-05 
Атрибут  Attr_72 имеет вес: 1.4660309895481589e-05 
Атрибут  Attr_95 имеет вес: 1.4636216254060969e-05 
Атрибут  Attr_190 имеет вес: 1.4568385749220254e-05 
Атрибут  Attr_27 имеет вес: 1.4562228443242684e-05 
Атрибут  Attr_107 имеет вес: 1.4390211298244267e-05 
Атрибут  Attr_494 имеет вес: 1.4240890320616096e-05 
Атрибут  Attr_464 имеет вес: 1.3964617835097984e-05 
Атрибут  Attr_280 имеет вес: 1.3931112694696442e-05 
Атрибут  Attr_250 имеет вес: 1.373274864004617e-05 
Атрибут  Attr_212 имеет вес: 1.3138540853821079e-05 
Атрибут  Attr_155 имеет вес: 1.3056098452398464e-05 
Атрибут  Attr_499 имеет вес: 1.3018246982967538e-05 
Атрибут  Attr_247 имеет вес: 1.3015012643994589e-05 
Атрибут  Attr_357 имеет вес: 1.298117438304523e-05 
Атрибут  Attr_411 имеет вес: 1.2776333587576085e-05 
Атрибут  Attr_119 имеет вес: 1.2738109761874442e-05 
Атрибут  Attr_62 имеет вес: 1.2724340668876256e-05 
Атрибут  Attr_127 имеет вес: 1.2389173603284212e-05 
Атрибут  Attr_324 имеет вес: 1.2219574991503574e-05 
Атрибут  Attr_200 имеет вес: 1.2204098569472004e-05 
Атрибут  Attr_384 имеет вес: 1.2178881934699103e-05 
Атрибут  Attr_8 имеет вес: 1.2011385778023452e-05 
Атрибут  Attr_221 имеет вес: 1.1979294556183903e-05 
Атрибут  Attr_435 имеет вес: 1.1808353257020569e-05 
Атрибут  Attr_361 имеет вес: 1.1562305094810839e-05 
Атрибут  Attr_372 имеет вес: 1.155875454386186e-05 
Атрибут  Attr_419 имеет вес: 1.1535481742096596e-05 
Атрибут  Attr_489 имеет вес: 1.14540532174369e-05 
Атрибут  Attr_210 имеет вес: 1.1261642489635026e-05 
Атрибут  Attr_453 имеет вес: 1.1100698666845066e-05 
Атрибут  Attr_490 имеет вес: 1.1065112102798061e-05 
Атрибут  Attr_484 имеет вес: 1.0966403291568617e-05 
Атрибут  Attr_360 имеет вес: 1.0842977658908264e-05 
Атрибут  Attr_477 имеет вес: 1.0775160501478706e-05 
Атрибут  Attr_443 имеет вес: 1.0761946280804817e-05 
Атрибут  Attr_444 имеет вес: 1.0718768305655031e-05 
Атрибут  Attr_374 имеет вес: 1.0717808422078414e-05 
Атрибут  Attr_442 имеет вес: 1.068830372654796e-05 
Атрибут  Attr_481 имеет вес: 1.0667867294416746e-05 
Атрибут  Attr_82 имеет вес: 1.063384278867063e-05 
Атрибут  Attr_317 имеет вес: 1.058960684653555e-05 
Атрибут  Attr_398 имеет вес: 1.0369160331358269e-05 
Атрибут  Attr_267 имеет вес: 1.028372107802383e-05 
Атрибут  Attr_315 имеет вес: 1.0216604009288879e-05 
Атрибут  Attr_498 имеет вес: 1.0006644725979048e-05 
Атрибут  Attr_535 имеет вес: 9.990613063942259e-06 
Атрибут  Attr_515 имеет вес: 9.839395676907656e-06 
Атрибут  Attr_161 имеет вес: 9.58366433793649e-06 
Атрибут  Attr_414 имеет вес: 9.547506846511054e-06 
Атрибут  Attr_1 имеет вес: 9.537087067660372e-06 
Атрибут  Attr_110 имеет вес: 9.518457537345223e-06 
Атрибут  Attr_59 имеет вес: 9.470787225514064e-06 
Атрибут  Attr_109 имеет вес: 9.39486908346248e-06 
Атрибут  Attr_291 имеет вес: 9.326127776306546e-06 
Атрибут  Attr_167 имеет вес: 9.153253999698622e-06 
Атрибут  Attr_329 имеет вес: 9.089916141071421e-06 
Атрибут  Attr_336 имеет вес: 9.010333353215813e-06 
Атрибут  Attr_101 имеет вес: 8.952643923249247e-06 
Атрибут  Attr_234 имеет вес: 8.862020129357583e-06 
Атрибут  Attr_373 имеет вес: 8.716010652444814e-06 
Атрибут  Attr_335 имеет вес: 8.69676210292948e-06 
Атрибут  Attr_80 имеет вес: 8.586207675125937e-06 
Атрибут  Attr_379 имеет вес: 8.522847104482162e-06 
Атрибут  Attr_521 имеет вес: 8.343766662525051e-06 
Атрибут  Attr_415 имеет вес: 8.303871413960664e-06 
Атрибут  Attr_483 имеет вес: 8.267894331871759e-06 
Атрибут  Attr_388 имеет вес: 8.260497749799362e-06 
Атрибут  Attr_496 имеет вес: 8.147267172348496e-06 
Атрибут  Attr_394 имеет вес: 8.05881573346677e-06 
Атрибут  Attr_171 имеет вес: 8.032159736251126e-06 
Атрибут  Attr_334 имеет вес: 7.820233393557756e-06 
Атрибут  Attr_337 имеет вес: 7.431155120440018e-06 
Атрибут  Attr_539 имеет вес: 7.140548387279337e-06 
Атрибут  Attr_400 имеет вес: 7.089176704088327e-06 
Атрибут  Attr_365 имеет вес: 7.046791673993559e-06 
Атрибут  Attr_471 имеет вес: 7.016031566499042e-06 
Атрибут  Attr_362 имеет вес: 6.9967620963303905e-06 
Атрибут  Attr_380 имеет вес: 6.872430308314778e-06 
Атрибут  Attr_323 имеет вес: 6.8505774400421674e-06 
Атрибут  Attr_321 имеет вес: 6.792554775969055e-06 
Атрибут  Attr_151 имеет вес: 6.700023902228119e-06 
Атрибут  Attr_404 имеет вес: 6.693036280312561e-06 
Атрибут  Attr_188 имеет вес: 6.690118680129663e-06 
Атрибут  Attr_254 имеет вес: 6.687130665723102e-06 
Атрибут  Attr_33 имеет вес: 6.572773787613399e-06 
Атрибут  Attr_154 имеет вес: 6.540158578636466e-06 
Атрибут  Attr_406 имеет вес: 6.491920525090688e-06 
Атрибут  Attr_211 имеет вес: 6.474680820584637e-06 
Атрибут  Attr_294 имеет вес: 6.449860551513978e-06 
Атрибут  Attr_262 имеет вес: 6.4292254517143904e-06 
Атрибут  Attr_286 имеет вес: 6.3411444716275364e-06 
Атрибут  Attr_493 имеет вес: 6.336216821466753e-06 
Атрибут  Attr_193 имеет вес: 6.191022067464839e-06 
Атрибут  Attr_399 имеет вес: 6.146191816033074e-06 
Атрибут  Attr_303 имеет вес: 6.11173680206925e-06 
Атрибут  Attr_333 имеет вес: 5.9459039372768285e-06 
Атрибут  Attr_4 имеет вес: 5.699413554035319e-06 
Атрибут  Attr_392 имеет вес: 5.50138461265388e-06 
Атрибут  Attr_470 имеет вес: 5.337060926239799e-06 
Атрибут  Attr_352 имеет вес: 5.10361500848087e-06 
Атрибут  Attr_309 имеет вес: 4.9879737746333506e-06 
Атрибут  Attr_144 имеет вес: 4.9720984165458835e-06 
Атрибут  Attr_257 имеет вес: 4.8158164679974374e-06 
Атрибут  Attr_63 имеет вес: 4.788891794809931e-06 
Атрибут  Attr_177 имеет вес: 4.76537237386388e-06 
Атрибут  Attr_546 имеет вес: 4.747173004237389e-06 
Атрибут  Attr_554 имеет вес: 4.735747185296679e-06 
Атрибут  Attr_61 имеет вес: 4.735731239632435e-06 
Атрибут  Attr_356 имеет вес: 4.697282912802529e-06 
Атрибут  Attr_178 имеет вес: 4.690168232927893e-06 
Атрибут  Attr_313 имеет вес: 4.683983562038534e-06 
Атрибут  Attr_162 имеет вес: 4.6687389691117254e-06 
Атрибут  Attr_203 имеет вес: 4.608369298714339e-06 
Атрибут  Attr_208 имеет вес: 4.532908076806324e-06 
Атрибут  Attr_218 имеет вес: 4.504482201764437e-06 
Атрибут  Attr_282 имеет вес: 4.4411440111396895e-06 
Атрибут  Attr_440 имеет вес: 4.39662903575661e-06 
Атрибут  Attr_519 имеет вес: 4.148248527544784e-06 
Атрибут  Attr_83 имеет вес: 4.08519919861372e-06 
Атрибут  Attr_424 имеет вес: 4.03799983343773e-06 
Атрибут  Attr_387 имеет вес: 3.883790313938554e-06 
Атрибут  Attr_339 имеет вес: 3.841665795186364e-06 
Атрибут  Attr_478 имеет вес: 3.841034573816761e-06 
Атрибут  Attr_84 имеет вес: 3.840585868061293e-06 
Атрибут  Attr_307 имеет вес: 3.7065008163981207e-06 
Атрибут  Attr_64 имеет вес: 3.624748594121627e-06 
Атрибут  Attr_246 имеет вес: 3.5958758317076882e-06 
Атрибут  Attr_285 имеет вес: 3.420183020723038e-06 
Атрибут  Attr_231 имеет вес: 3.4075140079531404e-06 
Атрибут  Attr_367 имеет вес: 3.3504523045964977e-06 
Атрибут  Attr_213 имеет вес: 3.2681593588909928e-06 
Атрибут  Attr_347 имеет вес: 3.2128638945004587e-06 
Атрибут  Attr_232 имеет вес: 3.1664673928454833e-06 
Атрибут  Attr_29 имеет вес: 3.1664673928454824e-06 
Атрибут  Attr_239 имеет вес: 2.9886706506464233e-06 
Атрибут  Attr_551 имеет вес: 2.9866767568178536e-06 
Атрибут  Attr_253 имеет вес: 2.9722077421939676e-06 
Атрибут  Attr_308 имеет вес: 2.926653959854668e-06 
Атрибут  Attr_534 имеет вес: 2.7524863528461643e-06 
Атрибут  Attr_479 имеет вес: 2.59144641666929e-06 
Атрибут  Attr_240 имеет вес: 2.4181896623677143e-06 
Атрибут  Attr_422 имеет вес: 2.384283205918764e-06 
Атрибут  Attr_364 имеет вес: 2.38405482074355e-06 
Атрибут  Attr_430 имеет вес: 2.328801851135257e-06 
Атрибут  Attr_405 имеет вес: 2.3229265215159906e-06 
Атрибут  Attr_319 имеет вес: 2.3083358359137716e-06 
Атрибут  Attr_320 имеет вес: 2.305827532160954e-06 
Атрибут  Attr_123 имеет вес: 2.2965799091079006e-06 
Атрибут  Attr_255 имеет вес: 2.2948303736694787e-06 
Атрибут  Attr_513 имеет вес: 2.2822460082130482e-06 
Атрибут  Attr_304 имеет вес: 2.2773717844172037e-06 
Атрибут  Attr_5 имеет вес: 2.266902792605305e-06 
Атрибут  Attr_438 имеет вес: 2.207137991966065e-06 
Атрибут  Attr_345 имеет вес: 2.1993516386955324e-06 
Атрибут  Attr_480 имеет вес: 2.1910029250326114e-06 
Атрибут  Attr_544 имеет вес: 2.1887613037428954e-06 
Атрибут  Attr_220 имеет вес: 2.1202309382819614e-06 
Атрибут  Attr_288 имеет вес: 2.113685687412219e-06 
Атрибут  Attr_243 имеет вес: 2.0968375136261145e-06 
Атрибут  Attr_143 имеет вес: 2.0889502487581578e-06 
Атрибут  Attr_416 имеет вес: 1.9860983789562335e-06 
Атрибут  Attr_215 имеет вес: 1.9489732712312383e-06 
Атрибут  Attr_48 имеет вес: 1.9178004435774356e-06 
Атрибут  Attr_125 имеет вес: 1.790804703062365e-06 
Атрибут  Attr_242 имеет вес: 1.7870628936205331e-06 
Атрибут  Attr_183 имеет вес: 1.7870628936205331e-06 
Атрибут  Attr_244 имеет вес: 1.6064319472502357e-06 
Атрибут  Attr_85 имеет вес: 1.6015761461144438e-06 
Атрибут  Attr_548 имеет вес: 1.5901732037114644e-06 
Атрибут  Attr_439 имеет вес: 1.5818433813468631e-06 
Атрибут  Attr_343 имеет вес: 1.5591786169850269e-06 
Атрибут  Attr_312 имеет вес: 1.2288631551586119e-06 
Атрибут  Attr_346 имеет вес: 1.1926299027835979e-06 
Атрибут  Attr_351 имеет вес: 1.1913752624136888e-06 
Атрибут  Attr_175 имеет вес: 1.1742698263401235e-06 
Атрибут  Attr_522 имеет вес: 1.1725420582319732e-06 
Атрибут  Attr_332 имеет вес: 1.160854966733908e-06 
Атрибут  Attr_325 имеет вес: 0.0 
Атрибут  Attr_205 имеет вес: 0.0 
Атрибут  Attr_256 имеет вес: 0.0 
Атрибут  Attr_20 имеет вес: 0.0 
Атрибут  Attr_260 имеет вес: 0.0 
Атрибут  Attr_7 имеет вес: 0.0 
Атрибут  Attr_449 имеет вес: 0.0 
Атрибут  Attr_10 имеет вес: 0.0 
Атрибут  Attr_266 имеет вес: 0.0 
Атрибут  Attr_311 имеет вес: 0.0 
Атрибут  Attr_278 имеет вес: 0.0 
Атрибут  Attr_88 имеет вес: 0.0 
Атрибут  Attr_173 имеет вес: 0.0 
Атрибут  Attr_401 имеет вес: 0.0 
Атрибут  Attr_520 имеет вес: 0.0 
Атрибут  Attr_93 имеет вес: 0.0 
Атрибут  Attr_241 имеет вес: 0.0 
Атрибут  Attr_98 имеет вес: 0.0 
Атрибут  Attr_514 имеет вес: 0.0 
Атрибут  Attr_368 имеет вес: 0.0 
Атрибут  Attr_523 имеет вес: 0.0 
Атрибут  Attr_245 имеет вес: 0.0 
Атрибут  Attr_383 имеет вес: 0.0 
Атрибут  Attr_530 имеет вес: 0.0 
Атрибут  Attr_354 имеет вес: 0.0 
Атрибут  Attr_289 имеет вес: 0.0 
Атрибут  Attr_533 имеет вес: 0.0 
Атрибут  Attr_135 имеет вес: 0.0 
Атрибут  Attr_536 имеет вес: 0.0 
Атрибут  Attr_390 имеет вес: 0.0 
Атрибут  Attr_391 имеет вес: 0.0 
Атрибут  Attr_541 имеет вес: 0.0 
Атрибут  Attr_393 имеет вес: 0.0 
Атрибут  Attr_284 имеет вес: 0.0 
Атрибут  Attr_283 имеет вес: 0.0 
Атрибут  Attr_90 имеет вес: 0.0 
Атрибут  Attr_545 имеет вес: 0.0 
Атрибут  Attr_549 имеет вес: 0.0 
Атрибут  Attr_420 имеет вес: 0.0 
Атрибут  Attr_397 имеет вес: 0.0 
Атрибут  Attr_164 имеет вес: 0.0 
Атрибут  Attr_492 имеет вес: 0.0 
Релевантные атрибуты: ['Attr_381', 'Attr_389', 'Attr_99', 'Attr_366', 'Attr_52', 'Attr_181', 'Attr_96', 'Attr_353', 'Attr_40', 'Attr_74', 'Attr_73', 'Attr_69', 'Attr_503', 'Attr_41', 'Attr_559', 'Attr_56', 'Attr_558', 'Attr_302', 'Attr_57', 'Attr_450', 'Attr_448', 'Attr_50', 'Attr_53', 'Attr_70', 'Attr_37', 'Attr_9', 'Attr_274', 'Attr_75', 'Attr_89', 'Attr_104', 'Attr_159', 'Attr_129', 'Attr_65', 'Attr_157', 'Attr_451', 'Attr_197', 'Attr_199', 'Attr_268', 'Attr_132', 'Attr_222', 'Attr_209', 'Attr_117', 'Attr_66', 'Attr_457', 'Attr_488', 'Attr_141', 'Attr_409', 'Attr_505', 'Attr_504', 'Attr_316', 'Attr_158', 'Attr_434', 'Attr_198', 'Attr_502', 'Attr_91', 'Attr_214', 'Attr_461', 'Attr_196', 'Attr_139', 'Attr_518', 'Attr_423', 'Attr_458', 'Attr_102', 'Attr_49', 'Attr_55', 'Attr_429', 'Attr_179', 'Attr_236', 'Attr_22', 'Attr_51', 'Attr_149', 'Attr_300', 'Attr_295', 'Attr_369', 'Attr_122', 'Attr_130', 'Attr_296', 'Attr_310', 'Attr_516', 'Attr_71', 'Attr_507', 'Attr_46', 'Attr_39', 'Attr_58', 'Attr_67', 'Attr_184', 'Attr_216', 'Attr_426', 'Attr_508', 'Attr_432', 'Attr_538', 'Attr_54', 'Attr_187', 'Attr_298', 'Attr_128', 'Attr_526', 'Attr_237', 'Attr_297', 'Attr_331', 'Attr_252', 'Attr_172', 'Attr_556', 'Attr_248', 'Attr_512', 'Attr_136', 'Attr_108', 'Attr_452', 'Attr_3', 'Attr_76', 'Attr_460', 'Attr_475', 'Attr_251', 'Attr_186', 'Attr_238', 'Attr_395', 'Attr_459', 'Attr_445', 'Attr_202', 'Attr_134', 'Attr_12', 'Attr_527', 'Attr_145', 'Attr_456', 'Attr_491', 'Attr_142', 'Attr_133', 'Attr_314', 'Attr_433', 'Attr_560', 'Attr_166', 'Attr_112', 'Attr_120', 'Attr_263', 'Attr_42', 'Attr_43', 'Attr_86', 'Attr_371', 'Attr_557', 'Attr_293', 'Attr_469', 'Attr_553', 'Attr_0', 'Attr_32', 'Attr_194', 'Attr_482', 'Attr_38', 'Attr_16', 'Attr_118', 'Attr_418', 'Attr_410', 'Attr_147', 'Attr_150', 'Attr_113', 'Attr_552', 'Attr_500', 'Attr_276', 'Attr_11', 'Attr_224', 'Attr_355', 'Attr_13', 'Attr_44', 'Attr_511', 'Attr_287', 'Attr_301', 'Attr_386', 'Attr_36', 'Attr_370', 'Attr_227', 'Attr_126', 'Attr_269', 'Attr_233', 'Attr_170', 'Attr_509', 'Attr_322', 'Attr_105', 'Attr_92', 'Attr_281', 'Attr_81', 'Attr_168', 'Attr_100', 'Attr_454', 'Attr_185', 'Attr_152', 'Attr_87', 'Attr_189', 'Attr_230', 'Attr_501', 'Attr_182', 'Attr_201', 'Attr_124', 'Attr_34', 'Attr_23', 'Attr_532', 'Attr_106', 'Attr_79', 'Attr_497', 'Attr_60', 'Attr_228', 'Attr_472', 'Attr_265', 'Attr_462', 'Attr_78', 'Attr_550', 'Attr_115', 'Attr_249', 'Attr_153', 'Attr_235', 'Attr_279', 'Attr_192', 'Attr_540', 'Attr_137', 'Attr_342', 'Attr_30', 'Attr_385', 'Attr_413', 'Attr_275', 'Attr_378', 'Attr_377', 'Attr_476', 'Attr_305', 'Attr_35', 'Attr_140', 'Attr_348', 'Attr_114', 'Attr_15', 'Attr_17', 'Attr_542', 'Attr_206', 'Attr_156', 'Attr_446', 'Attr_417', 'Attr_299', 'Attr_467', 'Attr_349', 'Attr_455', 'Attr_148', 'Attr_495', 'Attr_259', 'Attr_138', 'Attr_431', 'Attr_525', 'Attr_328', 'Attr_165', 'Attr_344', 'Attr_436', 'Attr_465', 'Attr_31', 'Attr_524', 'Attr_271', 'Attr_338', 'Attr_195', 'Attr_204', 'Attr_116', 'Attr_427', 'Attr_425', 'Attr_229', 'Attr_277', 'Attr_537', 'Attr_510', 'Attr_473', 'Attr_529', 'Attr_160', 'Attr_2', 'Attr_408', 'Attr_94', 'Attr_264', 'Attr_176', 'Attr_528', 'Attr_24', 'Attr_25', 'Attr_225', 'Attr_447', 'Attr_359', 'Attr_330', 'Attr_180', 'Attr_77', 'Attr_290', 'Attr_217', 'Attr_207', 'Attr_543', 'Attr_191', 'Attr_306', 'Attr_421', 'Attr_375', 'Attr_437', 'Attr_219', 'Attr_174', 'Attr_318', 'Attr_26', 'Attr_486', 'Attr_261', 'Attr_468', 'Attr_547', 'Attr_103', 'Attr_169', 'Attr_376', 'Attr_463', 'Attr_14', 'Attr_292', 'Attr_350', 'Attr_358', 'Attr_517', 'Attr_474', 'Attr_21', 'Attr_487', 'Attr_18', 'Attr_28', 'Attr_45', 'Attr_506', 'Attr_163', 'Attr_68', 'Attr_441', 'Attr_47', 'Attr_270', 'Attr_396', 'Attr_555', 'Attr_340', 'Attr_19', 'Attr_97', 'Attr_407', 'Attr_6', 'Attr_402', 'Attr_363', 'Attr_121', 'Attr_326', 'Attr_272', 'Attr_327', 'Attr_412', 'Attr_428', 'Attr_341', 'Attr_258', 'Attr_226', 'Attr_111', 'Attr_146', 'Attr_382', 'Attr_466', 'Attr_403', 'Attr_485', 'Attr_131', 'Attr_223', 'Attr_273', 'Attr_531', 'Attr_72', 'Attr_95', 'Attr_190', 'Attr_27', 'Attr_107', 'Attr_494', 'Attr_464', 'Attr_280', 'Attr_250', 'Attr_212', 'Attr_155', 'Attr_499', 'Attr_247', 'Attr_357', 'Attr_411', 'Attr_119', 'Attr_62', 'Attr_127', 'Attr_324', 'Attr_200', 'Attr_384', 'Attr_8', 'Attr_221', 'Attr_435', 'Attr_361', 'Attr_372', 'Attr_419', 'Attr_489', 'Attr_210', 'Attr_453', 'Attr_490', 'Attr_484', 'Attr_360', 'Attr_477', 'Attr_443', 'Attr_444', 'Attr_374', 'Attr_442', 'Attr_481', 'Attr_82', 'Attr_317', 'Attr_398', 'Attr_267', 'Attr_315', 'Attr_498', 'Attr_535', 'Attr_515', 'Attr_161', 'Attr_414', 'Attr_1', 'Attr_110', 'Attr_59', 'Attr_109', 'Attr_291', 'Attr_167', 'Attr_329', 'Attr_336', 'Attr_101', 'Attr_234', 'Attr_373', 'Attr_335', 'Attr_80', 'Attr_379', 'Attr_521', 'Attr_415', 'Attr_483', 'Attr_388', 'Attr_496', 'Attr_394', 'Attr_171', 'Attr_334', 'Attr_337', 'Attr_539', 'Attr_400', 'Attr_365', 'Attr_471', 'Attr_362', 'Attr_380', 'Attr_323', 'Attr_321', 'Attr_151', 'Attr_404', 'Attr_188', 'Attr_254', 'Attr_33', 'Attr_154', 'Attr_406', 'Attr_211', 'Attr_294', 'Attr_262', 'Attr_286', 'Attr_493', 'Attr_193', 'Attr_399', 'Attr_303', 'Attr_333', 'Attr_4', 'Attr_392', 'Attr_470', 'Attr_352', 'Attr_309', 'Attr_144', 'Attr_257', 'Attr_63', 'Attr_177', 'Attr_546', 'Attr_554', 'Attr_61', 'Attr_356', 'Attr_178', 'Attr_313', 'Attr_162', 'Attr_203', 'Attr_208', 'Attr_218', 'Attr_282', 'Attr_440', 'Attr_519', 'Attr_83', 'Attr_424', 'Attr_387', 'Attr_339', 'Attr_478', 'Attr_84', 'Attr_307', 'Attr_64', 'Attr_246', 'Attr_285', 'Attr_231', 'Attr_367', 'Attr_213', 'Attr_347', 'Attr_232', 'Attr_29', 'Attr_239', 'Attr_551', 'Attr_253', 'Attr_308', 'Attr_534', 'Attr_479', 'Attr_240', 'Attr_422', 'Attr_364', 'Attr_430', 'Attr_405', 'Attr_319', 'Attr_320', 'Attr_123', 'Attr_255', 'Attr_513', 'Attr_304', 'Attr_5', 'Attr_438', 'Attr_345', 'Attr_480', 'Attr_544', 'Attr_220', 'Attr_288', 'Attr_243', 'Attr_143', 'Attr_416', 'Attr_215', 'Attr_48', 'Attr_125', 'Attr_242', 'Attr_183', 'Attr_244', 'Attr_85', 'Attr_548', 'Attr_439', 'Attr_343', 'Attr_312', 'Attr_346', 'Attr_351', 'Attr_175', 'Attr_522', 'Attr_332'] 
-------------------------------------- 
Атрибуты для фича-инженеринга ['Attr_381', 'Attr_389', 'Attr_99', 'Attr_366', 'Attr_52'] 
Выполнение функции "Вычисление градиентного бустинга" начало:2024-05-30 15:12:51.497699 
 Report for GradientBoostingClassifier method 
Accuracy: 0.91 
Classification Report: 
              precision    recall  f1-score   support

           0       1.00      1.00      1.00       537
           1       0.91      0.80      0.85       491
           2       0.83      0.93      0.87       532
           3       0.91      0.97      0.94       496
           4       0.98      0.88      0.92       420
           5       0.89      0.90      0.90       471

    accuracy                           0.91      2947
   macro avg       0.92      0.91      0.91      2947
weighted avg       0.92      0.91      0.91      2947
 
Выполнение функции "Вычисление градиентного бустинга" завершение: 2024-05-30 17:01:22.655895 
Выполнение функции "Вычисление градиентного бустинга" длительность: 6511.158195734024 
Выполнение функции "Вычисление  CatBoosting" начало:2024-05-30 17:01:22.656897 
 Report for CatBoostClassifier method 
Accuracy: 0.91 
Classification Report: 
              precision    recall  f1-score   support

           0       1.00      1.00      1.00       537
           1       0.92      0.81      0.86       491
           2       0.84      0.93      0.88       532
           3       0.88      0.96      0.92       496
           4       0.96      0.85      0.91       420
           5       0.88      0.89      0.88       471

    accuracy                           0.91      2947
   macro avg       0.91      0.91      0.91      2947
weighted avg       0.91      0.91      0.91      2947
 
Выполнение функции "Вычисление  CatBoosting" завершение: 2024-05-30 17:10:11.982688 
Выполнение функции "Вычисление  CatBoosting" длительность: 529.3257913589478 
Выполнение функции "Вычисление Ada Boost" начало:2024-05-30 17:10:11.983689 
 Report for AdaBoostClassifier method 
Accuracy: 0.53 
Classification Report: 
              precision    recall  f1-score   support

           0       1.00      1.00      1.00       537
           1       0.00      0.00      0.00       491
           2       0.52      1.00      0.68       532
           3       0.36      1.00      0.53       496
           4       0.00      0.00      0.00       420
           5       0.00      0.00      0.00       471

    accuracy                           0.53      2947
   macro avg       0.31      0.50      0.37      2947
weighted avg       0.34      0.53      0.39      2947
 
Выполнение функции "Вычисление Ada Boost" завершение: 2024-05-30 17:13:56.190725 
Выполнение функции "Вычисление Ada Boost" длительность: 224.20703530311584 
Выполнение функции "Вычисление Extra Trees" начало:2024-05-30 17:13:56.191724 
 Report for ExtraTreesClassifier method 
Accuracy: 0.94 
Classification Report: 
              precision    recall  f1-score   support

           0       1.00      1.00      1.00       537
           1       0.96      0.89      0.92       491
           2       0.91      0.97      0.94       532
           3       0.91      0.97      0.94       496
           4       0.96      0.84      0.90       420
           5       0.90      0.94      0.92       471

    accuracy                           0.94      2947
   macro avg       0.94      0.93      0.94      2947
weighted avg       0.94      0.94      0.94      2947
 
Выполнение функции "Вычисление Extra Trees" завершение: 2024-05-30 17:14:03.761710 
Выполнение функции "Вычисление Extra Trees" длительность: 7.569985866546631 
Выполнение функции "Вычисление QDA" начало:2024-05-30 17:14:03.761710 
 Report for QuadraticDiscriminantAnalysis method 
Accuracy: 0.83 
Classification Report: 
              precision    recall  f1-score   support

           0       0.99      1.00      1.00       537
           1       0.64      0.90      0.75       491
           2       0.89      0.48      0.62       532
           3       0.99      0.70      0.82       496
           4       0.71      0.92      0.80       420
           5       0.86      0.99      0.92       471

    accuracy                           0.83      2947
   macro avg       0.85      0.83      0.82      2947
weighted avg       0.86      0.83      0.82      2947
 
Выполнение функции "Вычисление QDA" завершение: 2024-05-30 17:14:05.970871 
Выполнение функции "Вычисление QDA" длительность: 2.209160804748535 
Выполнение функции "Вычисление Light Gradient Boosting Machine" начало:2024-05-30 17:14:05.971872 
 Report for LGBMClassifier method 
Accuracy: 0.93 
Classification Report: 
              precision    recall  f1-score   support

           0       1.00      1.00      1.00       537
           1       0.93      0.84      0.88       491
           2       0.86      0.94      0.90       532
           3       0.92      0.98      0.95       496
           4       0.98      0.92      0.95       420
           5       0.93      0.91      0.92       471

    accuracy                           0.93      2947
   macro avg       0.94      0.93      0.93      2947
weighted avg       0.93      0.93      0.93      2947
 
Выполнение функции "Вычисление Light Gradient Boosting Machine" завершение: 2024-05-30 17:15:03.941776 
Выполнение функции "Вычисление Light Gradient Boosting Machine" длительность: 57.96990394592285 
Выполнение функции "Классификатор дерева решений" начало:2024-05-30 17:15:03.941776 
 Report for DecisionTreeClassifier method 
Accuracy: 0.86 
Classification Report: 
              precision    recall  f1-score   support

           0       1.00      1.00      1.00       537
           1       0.84      0.78      0.81       491
           2       0.81      0.86      0.83       532
           3       0.81      0.89      0.85       496
           4       0.88      0.84      0.86       420
           5       0.82      0.76      0.79       471

    accuracy                           0.86      2947
   macro avg       0.86      0.86      0.86      2947
weighted avg       0.86      0.86      0.86      2947
 
Выполнение функции "Классификатор дерева решений" завершение: 2024-05-30 17:15:11.381413 
Выполнение функции "Классификатор дерева решений" длительность: 7.439636945724487 
Выполнение функции "Экстремальный градиентный бустинг" начало:2024-05-30 17:15:11.382410 
 Report for XGBClassifier method 
Accuracy: 0.94 
Classification Report: 
              precision    recall  f1-score   support

           0       1.00      1.00      1.00       537
           1       0.93      0.85      0.89       491
           2       0.88      0.95      0.91       532
           3       0.92      0.98      0.95       496
           4       0.97      0.91      0.94       420
           5       0.92      0.91      0.92       471

    accuracy                           0.94      2947
   macro avg       0.94      0.93      0.93      2947
weighted avg       0.94      0.94      0.93      2947
 
Выполнение функции "Экстремальный градиентный бустинг" завершение: 2024-05-30 17:15:31.499023 
Выполнение функции "Экстремальный градиентный бустинг" длительность: 20.116613626480103 
Выполнение функции "Фиктивный классификатор" начало:2024-05-30 17:15:31.499023 
 Report for DummyClassifier method 
Accuracy: 0.18 
Classification Report: 
              precision    recall  f1-score   support

           0       0.18      1.00      0.31       537
           1       0.00      0.00      0.00       491
           2       0.00      0.00      0.00       532
           3       0.00      0.00      0.00       496
           4       0.00      0.00      0.00       420
           5       0.00      0.00      0.00       471

    accuracy                           0.18      2947
   macro avg       0.03      0.17      0.05      2947
weighted avg       0.03      0.18      0.06      2947
 
Выполнение функции "Фиктивный классификатор" завершение: 2024-05-30 17:15:31.513023 
Выполнение функции "Фиктивный классификатор" длительность: 0.013999700546264648 
Выполнение функции "SVM - линейное ядро" начало:2024-05-30 17:15:31.513023 
 Report for SVC method 
Accuracy: 0.96 
Classification Report: 
              precision    recall  f1-score   support

           0       1.00      1.00      1.00       537
           1       0.97      0.89      0.93       491
           2       0.91      0.97      0.94       532
           3       0.95      0.99      0.97       496
           4       0.99      0.95      0.97       420
           5       0.95      0.95      0.95       471

    accuracy                           0.96      2947
   macro avg       0.96      0.96      0.96      2947
weighted avg       0.96      0.96      0.96      2947
 
Выполнение функции "SVM - линейное ядро" завершение: 2024-05-30 17:15:34.368495 
Выполнение функции "SVM - линейное ядро" длительность: 2.855471611022949 
Выполнение функции "K ближайших соседей" начало:2024-05-30 17:15:34.368495 
 Report for KNeighborsClassifier method 
Accuracy: 0.90 
Classification Report: 
              precision    recall  f1-score   support

           0       1.00      1.00      1.00       537
           1       0.87      0.86      0.86       491
           2       0.87      0.89      0.88       532
           3       0.83      0.98      0.90       496
           4       0.94      0.77      0.84       420
           5       0.91      0.88      0.89       471

    accuracy                           0.90      2947
   macro avg       0.90      0.89      0.90      2947
weighted avg       0.90      0.90      0.90      2947
 
Выполнение функции "K ближайших соседей" завершение: 2024-05-30 17:15:34.900484 
Выполнение функции "K ближайших соседей" длительность: 0.531989574432373 
