Статистика тренировочного дата сета 
***---- head  ------*** 
     Attr_0    Attr_1    Attr_2    Attr_3    Attr_4    Attr_5    Attr_6    Attr_7    Attr_8    Attr_9  ...  Attr_553  Attr_554  Attr_555  Attr_556  Attr_557  Attr_558  Attr_559  Attr_560  subject  Activity
0  0.288585 -0.020294 -0.132905 -0.995279 -0.983111 -0.913526 -0.995112 -0.983185 -0.923527 -0.934724  ... -0.710304 -0.112754  0.030400 -0.464761 -0.018446 -0.841247  0.179941 -0.058627        1  STANDING
1  0.278419 -0.016411 -0.123520 -0.998245 -0.975300 -0.960322 -0.998807 -0.974914 -0.957686 -0.943068  ... -0.861499  0.053477 -0.007435 -0.732626  0.703511 -0.844788  0.180289 -0.054317        1  STANDING
2  0.279653 -0.019467 -0.113462 -0.995380 -0.967187 -0.978944 -0.996520 -0.963668 -0.977469 -0.938692  ... -0.760104 -0.118559  0.177899  0.100699  0.808529 -0.848933  0.180637 -0.049118        1  STANDING
3  0.279174 -0.026201 -0.123283 -0.996091 -0.983403 -0.990675 -0.997099 -0.982750 -0.989302 -0.938692  ... -0.482845 -0.036788 -0.012892  0.640011 -0.485366 -0.848649  0.181935 -0.047663        1  STANDING
4  0.276629 -0.016570 -0.115362 -0.998139 -0.980817 -0.990482 -0.998321 -0.979672 -0.990441 -0.942469  ... -0.699205  0.123320  0.122542  0.693578 -0.615971 -0.847865  0.185151 -0.043892        1  STANDING

[5 rows x 563 columns] 
***---- shape  ------*** 
(7352, 563) 
***---- типы данных  ------*** 
Attr_0      float64
Attr_1      float64
Attr_2      float64
Attr_3      float64
Attr_4      float64
             ...   
Attr_558    float64
Attr_559    float64
Attr_560    float64
subject       int64
Activity     object
Length: 563, dtype: object 
***---- нулевые значения  ------*** 
Attr_0      0
Attr_1      0
Attr_2      0
Attr_3      0
Attr_4      0
           ..
Attr_558    0
Attr_559    0
Attr_560    0
subject     0
Activity    0
Length: 563, dtype: int64 
Статистика тестового дата сета 
***---- head  ------*** 
     Attr_0    Attr_1    Attr_2    Attr_3    Attr_4    Attr_5    Attr_6    Attr_7    Attr_8    Attr_9  ...  Attr_553  Attr_554  Attr_555  Attr_556  Attr_557  Attr_558  Attr_559  Attr_560  subject  Activity
0  0.257178 -0.023285 -0.014654 -0.938404 -0.920091 -0.667683 -0.952501 -0.925249 -0.674302 -0.894088  ... -0.705974  0.006462  0.162920 -0.825886  0.271151 -0.720009  0.276801 -0.057978        2  STANDING
1  0.286027 -0.013163 -0.119083 -0.975415 -0.967458 -0.944958 -0.986799 -0.968401 -0.945823 -0.894088  ... -0.594944 -0.083495  0.017500 -0.434375  0.920593 -0.698091  0.281343 -0.083898        2  STANDING
2  0.275485 -0.026050 -0.118152 -0.993819 -0.969926 -0.962748 -0.994403 -0.970735 -0.963483 -0.939260  ... -0.640736 -0.034956  0.202302  0.064103  0.145068 -0.702771  0.280083 -0.079346        2  STANDING
3  0.270298 -0.032614 -0.117520 -0.994743 -0.973268 -0.967091 -0.995274 -0.974471 -0.968897 -0.938610  ... -0.736124 -0.017067  0.154438  0.340134  0.296407 -0.698954  0.284114 -0.077108        2  STANDING
4  0.274833 -0.027848 -0.129527 -0.993852 -0.967445 -0.978295 -0.994111 -0.965953 -0.977346 -0.938610  ... -0.846595 -0.002223 -0.040046  0.736715 -0.118545 -0.692245  0.290722 -0.073857        2  STANDING

[5 rows x 563 columns] 
***---- shape  ------*** 
(2947, 563) 
***---- типы данных  ------*** 
Attr_0      float64
Attr_1      float64
Attr_2      float64
Attr_3      float64
Attr_4      float64
             ...   
Attr_558    float64
Attr_559    float64
Attr_560    float64
subject       int64
Activity     object
Length: 563, dtype: object 
***---- нулевые значения  ------*** 
Attr_0      0
Attr_1      0
Attr_2      0
Attr_3      0
Attr_4      0
           ..
Attr_558    0
Attr_559    0
Attr_560    0
subject     0
Activity    0
Length: 563, dtype: int64 
Выполнение функции "Загрузка датасета" начало:2024-05-30 14:04:51.840926 
Выполнение функции "Загрузка датасета" завершение: 2024-05-30 14:04:51.860195 
Выполнение функции "Загрузка датасета" длительность: 0.019272804260253906 
Выполнение функции "Вычисление градиентного бустинга" начало:2024-05-30 14:04:51.860366 
 Report for GradientBoostingClassifier method 
Accuracy: 0.91 
Classification Report: 
              precision    recall  f1-score   support

           0       1.00      1.00      1.00       537
           1       0.91      0.80      0.85       491
           2       0.82      0.93      0.87       532
           3       0.91      0.96      0.94       496
           4       0.98      0.88      0.92       420
           5       0.89      0.91      0.90       471

    accuracy                           0.91      2947
   macro avg       0.92      0.91      0.91      2947
weighted avg       0.92      0.91      0.91      2947
 
Выполнение функции "Вычисление градиентного бустинга" завершение: 2024-05-30 15:07:09.693240 
Выполнение функции "Вычисление градиентного бустинга" длительность: 3737.832864522934 
Выполнение функции "Вычисление  CatBoosting" начало:2024-05-30 15:07:09.693354 
 Report for CatBoostClassifier method 
Accuracy: 0.91 
Classification Report: 
              precision    recall  f1-score   support

           0       1.00      1.00      1.00       537
           1       0.91      0.80      0.85       491
           2       0.84      0.92      0.88       532
           3       0.90      0.97      0.93       496
           4       0.96      0.85      0.91       420
           5       0.89      0.92      0.90       471

    accuracy                           0.91      2947
   macro avg       0.92      0.91      0.91      2947
weighted avg       0.91      0.91      0.91      2947
 
Выполнение функции "Вычисление  CatBoosting" завершение: 2024-05-30 15:07:43.811019 
Выполнение функции "Вычисление  CatBoosting" длительность: 34.11765217781067 
Выполнение функции "Вычисление Ada Boost" начало:2024-05-30 15:07:43.811146 
 Report for AdaBoostClassifier method 
Accuracy: 0.53 
Classification Report: 
              precision    recall  f1-score   support

           0       1.00      1.00      1.00       537
           1       0.00      0.00      0.00       491
           2       0.52      1.00      0.68       532
           3       0.36      1.00      0.53       496
           4       0.00      0.00      0.00       420
           5       0.00      0.00      0.00       471

    accuracy                           0.53      2947
   macro avg       0.31      0.50      0.37      2947
weighted avg       0.34      0.53      0.39      2947
 
Выполнение функции "Вычисление Ada Boost" завершение: 2024-05-30 15:09:41.193708 
Выполнение функции "Вычисление Ada Boost" длительность: 117.3825511932373 
Выполнение функции "Вычисление Extra Trees" начало:2024-05-30 15:09:41.193792 
 Report for ExtraTreesClassifier method 
Accuracy: 0.94 
Classification Report: 
              precision    recall  f1-score   support

           0       1.00      1.00      1.00       537
           1       0.97      0.89      0.93       491
           2       0.91      0.98      0.94       532
           3       0.92      0.98      0.95       496
           4       0.96      0.85      0.90       420
           5       0.90      0.94      0.92       471

    accuracy                           0.94      2947
   macro avg       0.94      0.94      0.94      2947
weighted avg       0.94      0.94      0.94      2947
 
Выполнение функции "Вычисление Extra Trees" завершение: 2024-05-30 15:09:45.000426 
Выполнение функции "Вычисление Extra Trees" длительность: 3.806630849838257 
Выполнение функции "Вычисление QDA" начало:2024-05-30 15:09:45.000497 
 Report for QuadraticDiscriminantAnalysis method 
Accuracy: 0.86 
Classification Report: 
              precision    recall  f1-score   support

           0       1.00      1.00      1.00       537
           1       0.87      0.78      0.82       491
           2       0.83      0.82      0.82       532
           3       0.84      0.92      0.87       496
           4       0.73      0.97      0.83       420
           5       0.94      0.68      0.79       471

    accuracy                           0.86      2947
   macro avg       0.87      0.86      0.86      2947
weighted avg       0.87      0.86      0.86      2947
 
Выполнение функции "Вычисление QDA" завершение: 2024-05-30 15:09:47.294755 
Выполнение функции "Вычисление QDA" длительность: 2.294227123260498 
Выполнение функции "Вычисление Light Gradient Boosting Machine" начало:2024-05-30 15:09:47.295029 
 Report for LGBMClassifier method 
Accuracy: 0.94 
Classification Report: 
              precision    recall  f1-score   support

           0       1.00      1.00      1.00       537
           1       0.93      0.84      0.88       491
           2       0.86      0.94      0.90       532
           3       0.93      0.98      0.96       496
           4       0.98      0.92      0.95       420
           5       0.93      0.93      0.93       471

    accuracy                           0.94      2947
   macro avg       0.94      0.94      0.94      2947
weighted avg       0.94      0.94      0.94      2947
 
Выполнение функции "Вычисление Light Gradient Boosting Machine" завершение: 2024-05-30 15:09:56.014332 
Выполнение функции "Вычисление Light Gradient Boosting Machine" длительность: 8.719270944595337 
Выполнение функции "Классификатор дерева решений" начало:2024-05-30 15:09:56.014485 
 Report for DecisionTreeClassifier method 
Accuracy: 0.86 
Classification Report: 
              precision    recall  f1-score   support

           0       1.00      1.00      1.00       537
           1       0.83      0.76      0.80       491
           2       0.80      0.86      0.83       532
           3       0.83      0.92      0.87       496
           4       0.89      0.83      0.86       420
           5       0.83      0.78      0.80       471

    accuracy                           0.86      2947
   macro avg       0.86      0.86      0.86      2947
weighted avg       0.86      0.86      0.86      2947
 
Выполнение функции "Классификатор дерева решений" завершение: 2024-05-30 15:09:59.517334 
Выполнение функции "Классификатор дерева решений" длительность: 3.5028460025787354 
Выполнение функции "Экстремальный градиентный бустинг" начало:2024-05-30 15:09:59.517397 
 Report for XGBClassifier method 
Accuracy: 0.94 
Classification Report: 
              precision    recall  f1-score   support

           0       1.00      1.00      1.00       537
           1       0.94      0.85      0.90       491
           2       0.88      0.95      0.91       532
           3       0.92      0.98      0.95       496
           4       0.97      0.91      0.94       420
           5       0.93      0.92      0.92       471

    accuracy                           0.94      2947
   macro avg       0.94      0.94      0.94      2947
weighted avg       0.94      0.94      0.94      2947
 
Выполнение функции "Экстремальный градиентный бустинг" завершение: 2024-05-30 15:10:08.083801 
Выполнение функции "Экстремальный градиентный бустинг" длительность: 8.56639814376831 
Выполнение функции "Фиктивный классификатор" начало:2024-05-30 15:10:08.083937 
 Report for DummyClassifier method 
Accuracy: 0.18 
Classification Report: 
              precision    recall  f1-score   support

           0       0.18      1.00      0.31       537
           1       0.00      0.00      0.00       491
           2       0.00      0.00      0.00       532
           3       0.00      0.00      0.00       496
           4       0.00      0.00      0.00       420
           5       0.00      0.00      0.00       471

    accuracy                           0.18      2947
   macro avg       0.03      0.17      0.05      2947
weighted avg       0.03      0.18      0.06      2947
 
Выполнение функции "Фиктивный классификатор" завершение: 2024-05-30 15:10:08.089998 
Выполнение функции "Фиктивный классификатор" длительность: 0.006060123443603516 
Выполнение функции "SVM - линейное ядро" начало:2024-05-30 15:10:08.090054 
 Report for SVC method 
Accuracy: 0.96 
Classification Report: 
              precision    recall  f1-score   support

           0       1.00      1.00      1.00       537
           1       0.96      0.89      0.93       491
           2       0.91      0.97      0.94       532
           3       0.94      0.99      0.96       496
           4       0.99      0.94      0.96       420
           5       0.95      0.95      0.95       471

    accuracy                           0.96      2947
   macro avg       0.96      0.96      0.96      2947
weighted avg       0.96      0.96      0.96      2947
 
Выполнение функции "SVM - линейное ядро" завершение: 2024-05-30 15:10:09.890260 
Выполнение функции "SVM - линейное ядро" длительность: 1.8002021312713623 
Выполнение функции "K ближайших соседей" начало:2024-05-30 15:10:09.890347 
 Report for KNeighborsClassifier method 
Accuracy: 0.90 
Classification Report: 
              precision    recall  f1-score   support

           0       1.00      1.00      1.00       537
           1       0.88      0.86      0.87       491
           2       0.87      0.89      0.88       532
           3       0.83      0.98      0.90       496
           4       0.94      0.78      0.85       420
           5       0.91      0.88      0.90       471

    accuracy                           0.90      2947
   macro avg       0.91      0.90      0.90      2947
weighted avg       0.91      0.90      0.90      2947
 
Выполнение функции "K ближайших соседей" завершение: 2024-05-30 15:10:10.521234 
Выполнение функции "K ближайших соседей" длительность: 0.6308853626251221 
Атрибут  Attr_381 имеет вес: 0.45513913329841543 
Атрибут  Attr_389 имеет вес: 0.15177971052383515 
Атрибут  Attr_181 имеет вес: 0.07553574582819396 
Атрибут  Attr_52 имеет вес: 0.07252507319682654 
Атрибут  Attr_353 имеет вес: 0.038196489827783266 
Атрибут  Attr_393 имеет вес: 0.037927151001691854 
Атрибут  Attr_69 имеет вес: 0.021194527637365512 
Атрибут  Attr_73 имеет вес: 0.01816433271840596 
Атрибут  Attr_56 имеет вес: 0.015277058651937505 
Атрибут  Attr_503 имеет вес: 0.0150274710758165 
Атрибут  Attr_559 имеет вес: 0.012529960047399603 
Атрибут  Attr_74 имеет вес: 0.01033087363081298 
Атрибут  Attr_40 имеет вес: 0.010274996422594341 
Атрибут  Attr_41 имеет вес: 0.007325284392311792 
Атрибут  Attr_558 имеет вес: 0.004987306593002285 
Атрибут  Attr_302 имеет вес: 0.0038153809005718477 
Атрибут  Attr_450 имеет вес: 0.0037496216205836885 
Атрибут  Attr_57 имеет вес: 0.00364856995947875 
Атрибут  Attr_50 имеет вес: 0.002921861420452687 
Атрибут  Attr_37 имеет вес: 0.002192982782407152 
Атрибут  Attr_53 имеет вес: 0.002118622139934363 
Атрибут  Attr_448 имеет вес: 0.001997540430590444 
Атрибут  Attr_274 имеет вес: 0.001988826471299806 
Атрибут  Attr_75 имеет вес: 0.0015555497274973259 
Атрибут  Attr_70 имеет вес: 0.0010619215266265032 
Атрибут  Attr_9 имеет вес: 0.0010614652560281621 
Атрибут  Attr_129 имеет вес: 0.001058418011986248 
Атрибут  Attr_159 имеет вес: 0.0007301178072430175 
Атрибут  Attr_104 имеет вес: 0.000709204454447128 
Атрибут  Attr_76 имеет вес: 0.0006951878039333766 
Атрибут  Attr_89 имеет вес: 0.0005525193383310479 
Атрибут  Attr_132 имеет вес: 0.0005170707524164501 
Атрибут  Attr_209 имеет вес: 0.0005164629847871069 
Атрибут  Attr_222 имеет вес: 0.0004715060107522947 
Атрибут  Attr_157 имеет вес: 0.0004699930031901526 
Атрибут  Attr_434 имеет вес: 0.00042942935985381867 
Атрибут  Attr_117 имеет вес: 0.00041484442445939985 
Атрибут  Attr_504 имеет вес: 0.00040190099276758245 
Атрибут  Attr_502 имеет вес: 0.0003771032970038079 
Атрибут  Attr_451 имеет вес: 0.00033782660850721944 
Атрибут  Attr_457 имеет вес: 0.00031318589735406655 
Атрибут  Attr_65 имеет вес: 0.0002922008453851126 
Атрибут  Attr_316 имеет вес: 0.00027953369781746955 
Атрибут  Attr_139 имеет вес: 0.0002785140021343497 
Атрибут  Attr_130 имеет вес: 0.0002541370590100099 
Атрибут  Attr_268 имеет вес: 0.0002435615367209074 
Атрибут  Attr_66 имеет вес: 0.0002315829186464615 
Атрибут  Attr_196 имеет вес: 0.00023146885143101982 
Атрибут  Attr_55 имеет вес: 0.00022324237980520057 
Атрибут  Attr_128 имеет вес: 0.00022249976947657428 
Атрибут  Attr_166 имеет вес: 0.0002219109517685334 
Атрибут  Attr_432 имеет вес: 0.00021703541326503748 
Атрибут  Attr_197 имеет вес: 0.00021091483134391516 
Атрибут  Attr_409 имеет вес: 0.00020882583736660771 
Атрибут  Attr_275 имеет вес: 0.0002066137414472222 
Атрибут  Attr_91 имеет вес: 0.00019295629024655952 
Атрибут  Attr_158 имеет вес: 0.0001910189850381678 
Атрибут  Attr_461 имеет вес: 0.00018964992780105442 
Атрибут  Attr_42 имеет вес: 0.00018683426142325165 
Атрибут  Attr_201 имеет вес: 0.000185725849741209 
Атрибут  Attr_39 имеет вес: 0.00018151565177383213 
Атрибут  Attr_149 имеет вес: 0.00016943998799008987 
Атрибут  Attr_198 имеет вес: 0.00016808343989936834 
Атрибут  Attr_295 имеет вес: 0.0001661716577487201 
Атрибут  Attr_429 имеет вес: 0.00016505523341482105 
Атрибут  Attr_67 имеет вес: 0.00016267384272684637 
Атрибут  Attr_184 имеет вес: 0.00015097349235489488 
Атрибут  Attr_237 имеет вес: 0.00015094955197419424 
Атрибут  Attr_214 имеет вес: 0.00014817882934230574 
Атрибут  Attr_136 имеет вес: 0.00014655082197648372 
Атрибут  Attr_505 имеет вес: 0.00014467731665165535 
Атрибут  Attr_281 имеет вес: 0.00014052785759263183 
Атрибут  Attr_236 имеет вес: 0.0001403701582179531 
Атрибут  Attr_371 имеет вес: 0.0001402819704523366 
Атрибут  Attr_526 имеет вес: 0.0001398305684576954 
Атрибут  Attr_449 имеет вес: 0.00013733767519962076 
Атрибут  Attr_23 имеет вес: 0.00013409820645238807 
Атрибут  Attr_474 имеет вес: 0.0001325253504418117 
Атрибут  Attr_51 имеет вес: 0.00013200895526644854 
Атрибут  Attr_538 имеет вес: 0.0001318627044713353 
Атрибут  Attr_179 имеет вес: 0.00013044441643627404 
Атрибут  Attr_206 имеет вес: 0.00012887654361346294 
Атрибут  Attr_54 имеет вес: 0.0001281050225387144 
Атрибут  Attr_262 имеет вес: 0.00011909096814002172 
Атрибут  Attr_426 имеет вес: 0.00011780697126176308 
Атрибут  Attr_187 имеет вес: 0.00011453221614884997 
Атрибут  Attr_186 имеет вес: 0.00011369953868137019 
Атрибут  Attr_124 имеет вес: 0.00011299214965928706 
Атрибут  Attr_507 имеет вес: 0.0001091055152610269 
Атрибут  Attr_141 имеет вес: 0.0001047705217803203 
Атрибут  Attr_423 имеет вес: 0.00010390980982469698 
Атрибут  Attr_556 имеет вес: 0.00010210980851028483 
Атрибут  Attr_22 имеет вес: 0.00010194650479592289 
Атрибут  Attr_185 имеет вес: 0.00010097806600816583 
Атрибут  Attr_102 имеет вес: 0.00010046932434976734 
Атрибут  Attr_298 имеет вес: 9.849689240688664e-05 
Атрибут  Attr_439 имеет вес: 9.830190632043159e-05 
Атрибут  Attr_297 имеет вес: 9.471300394389382e-05 
Атрибут  Attr_375 имеет вес: 9.371863901041428e-05 
Атрибут  Attr_49 имеет вес: 9.271824733556291e-05 
Атрибут  Attr_495 имеет вес: 9.222652264338553e-05 
Атрибут  Attr_497 имеет вес: 9.172039764331039e-05 
Атрибут  Attr_108 имеет вес: 8.999816420695524e-05 
Атрибут  Attr_560 имеет вес: 8.981633861671963e-05 
Атрибут  Attr_202 имеет вес: 8.794640473782262e-05 
Атрибут  Attr_418 имеет вес: 8.751232600737509e-05 
Атрибут  Attr_300 имеет вес: 8.66955648739715e-05 
Атрибут  Attr_433 имеет вес: 8.615033415971309e-05 
Атрибут  Attr_142 имеет вес: 8.583084904281633e-05 
Атрибут  Attr_154 имеет вес: 8.560250762641562e-05 
Атрибут  Attr_458 имеет вес: 8.382664896204729e-05 
Атрибут  Attr_287 имеет вес: 8.316340476301334e-05 
Атрибут  Attr_410 имеет вес: 8.081926473077125e-05 
Атрибут  Attr_58 имеет вес: 7.851216259842665e-05 
Атрибут  Attr_43 имеет вес: 7.828666816654691e-05 
Атрибут  Attr_454 имеет вес: 7.463394696945092e-05 
Атрибут  Attr_62 имеет вес: 7.380990775917097e-05 
Атрибут  Attr_216 имеет вес: 7.249270639393034e-05 
Атрибут  Attr_171 имеет вес: 7.121692537295704e-05 
Атрибут  Attr_11 имеет вес: 7.020080763290471e-05 
Атрибут  Attr_228 имеет вес: 6.987799651911605e-05 
Атрибут  Attr_491 имеет вес: 6.857687243410014e-05 
Атрибут  Attr_94 имеет вес: 6.657265104070182e-05 
Атрибут  Attr_354 имеет вес: 6.6343320737827e-05 
Атрибут  Attr_121 имеет вес: 6.55532062453401e-05 
Атрибут  Attr_310 имеет вес: 6.555310648177576e-05 
Атрибут  Attr_156 имеет вес: 6.422696155073979e-05 
Атрибут  Attr_314 имеет вес: 6.139879848274631e-05 
Атрибут  Attr_340 имеет вес: 6.123543445688455e-05 
Атрибут  Attr_472 имеет вес: 6.0898975888451224e-05 
Атрибут  Attr_460 имеет вес: 6.056189066581544e-05 
Атрибут  Attr_155 имеет вес: 5.907002008100442e-05 
Атрибут  Attr_518 имеет вес: 5.788656079142598e-05 
Атрибут  Attr_120 имеет вес: 5.7518035312963607e-05 
Атрибут  Attr_71 имеет вес: 5.69697926411065e-05 
Атрибут  Attr_133 имеет вес: 5.6781765931796195e-05 
Атрибут  Attr_210 имеет вес: 5.588132078341105e-05 
Атрибут  Attr_443 имеет вес: 5.578077880657262e-05 
Атрибут  Attr_431 имеет вес: 5.492135300290909e-05 
Атрибут  Attr_248 имеет вес: 5.490631705604682e-05 
Атрибут  Attr_358 имеет вес: 5.474852324452921e-05 
Атрибут  Attr_46 имеет вес: 5.333282659754812e-05 
Атрибут  Attr_550 имеет вес: 5.2916000851988774e-05 
Атрибут  Attr_2 имеет вес: 5.2779293884081876e-05 
Атрибут  Attr_462 имеет вес: 5.269351332897362e-05 
Атрибут  Attr_527 имеет вес: 5.2693297446050665e-05 
Атрибут  Attr_173 имеет вес: 5.2398882770074076e-05 
Атрибут  Attr_68 имеет вес: 5.189291291872417e-05 
Атрибут  Attr_290 имеет вес: 5.185847862697886e-05 
Атрибут  Attr_231 имеет вес: 5.105168003287671e-05 
Атрибут  Attr_7 имеет вес: 5.077139724896012e-05 
Атрибут  Attr_118 имеет вес: 5.0636360577877805e-05 
Атрибут  Attr_374 имеет вес: 5.054538030227415e-05 
Атрибут  Attr_411 имеет вес: 5.017009790133233e-05 
Атрибут  Attr_552 имеет вес: 5.003038523337589e-05 
Атрибут  Attr_233 имеет вес: 4.98421041563222e-05 
Атрибут  Attr_482 имеет вес: 4.980333589469219e-05 
Атрибут  Attr_441 имеет вес: 4.918257899859216e-05 
Атрибут  Attr_557 имеет вес: 4.908321427082458e-05 
Атрибут  Attr_127 имеет вес: 4.908267391128481e-05 
Атрибут  Attr_217 имеет вес: 4.874190419969508e-05 
Атрибут  Attr_383 имеет вес: 4.867211810652497e-05 
Атрибут  Attr_269 имеет вес: 4.8510097917917265e-05 
Атрибут  Attr_277 имеет вес: 4.82849810389439e-05 
Атрибут  Attr_189 имеет вес: 4.825489236986707e-05 
Атрибут  Attr_463 имеет вес: 4.778925627617849e-05 
Атрибут  Attr_403 имеет вес: 4.7675450938681415e-05 
Атрибут  Attr_459 имеет вес: 4.7627472675178833e-05 
Атрибут  Attr_499 имеет вес: 4.627739072559841e-05 
Атрибут  Attr_13 имеет вес: 4.610227598564616e-05 
Атрибут  Attr_19 имеет вес: 4.5884123162476186e-05 
Атрибут  Attr_456 имеет вес: 4.573867390862773e-05 
Атрибут  Attr_452 имеет вес: 4.540821179839431e-05 
Атрибут  Attr_176 имеет вес: 4.5245712254676284e-05 
Атрибут  Attr_114 имеет вес: 4.5007261355489826e-05 
Атрибут  Attr_230 имеет вес: 4.492097489808988e-05 
Атрибут  Attr_107 имеет вес: 4.462298070366881e-05 
Атрибут  Attr_203 имеет вес: 4.447221200525908e-05 
Атрибут  Attr_516 имеет вес: 4.440483280406809e-05 
Атрибут  Attr_195 имеет вес: 4.378070445254858e-05 
Атрибут  Attr_510 имеет вес: 4.322575086434318e-05 
Атрибут  Attr_79 имеет вес: 4.274501624517916e-05 
Атрибут  Attr_16 имеет вес: 4.269018151836039e-05 
Атрибут  Attr_486 имеет вес: 4.2108864854736496e-05 
Атрибут  Attr_259 имеет вес: 4.1904212880534514e-05 
Атрибут  Attr_135 имеет вес: 4.180760932144777e-05 
Атрибут  Attr_170 имеет вес: 4.1186365258213244e-05 
Атрибут  Attr_386 имеет вес: 4.0892018324581186e-05 
Атрибут  Attr_301 имеет вес: 4.074906382268983e-05 
Атрибут  Attr_229 имеет вес: 4.071856561252774e-05 
Атрибут  Attr_508 имеет вес: 4.0544736715936936e-05 
Атрибут  Attr_430 имеет вес: 4.0368029455334456e-05 
Атрибут  Attr_532 имеет вес: 4.032299173435419e-05 
Атрибут  Attr_387 имеет вес: 4.000008894148616e-05 
Атрибут  Attr_553 имеет вес: 3.960108768923925e-05 
Атрибут  Attr_116 имеет вес: 3.9138325365148646e-05 
Атрибут  Attr_160 имеет вес: 3.803571360690066e-05 
Атрибут  Attr_257 имеет вес: 3.79677930639443e-05 
Атрибут  Attr_238 имеет вес: 3.767420440581829e-05 
Атрибут  Attr_437 имеет вес: 3.754754488987015e-05 
Атрибут  Attr_246 имеет вес: 3.676110289597345e-05 
Атрибут  Attr_12 имеет вес: 3.661530914780412e-05 
Атрибут  Attr_250 имеет вес: 3.651302710369888e-05 
Атрибут  Attr_30 имеет вес: 3.634123505560855e-05 
Атрибут  Attr_146 имеет вес: 3.6335114554678064e-05 
Атрибут  Attr_501 имеет вес: 3.5944241579714044e-05 
Атрибут  Attr_235 имеет вес: 3.5697213441087186e-05 
Атрибут  Attr_524 имеет вес: 3.555396884204676e-05 
Атрибут  Attr_270 имеет вес: 3.533344881414563e-05 
Атрибут  Attr_523 имеет вес: 3.518016373194127e-05 
Атрибут  Attr_425 имеет вес: 3.511141811876801e-05 
Атрибут  Attr_511 имеет вес: 3.502758475897141e-05 
Атрибут  Attr_489 имеет вес: 3.488501783558613e-05 
Атрибут  Attr_204 имеет вес: 3.473216238165943e-05 
Атрибут  Attr_211 имеет вес: 3.444452010383292e-05 
Атрибут  Attr_513 имеет вес: 3.4099209857777416e-05 
Атрибут  Attr_469 имеет вес: 3.399103185131142e-05 
Атрибут  Attr_126 имеет вес: 3.396553650591213e-05 
Атрибут  Attr_207 имеет вес: 3.387306766046063e-05 
Атрибут  Attr_479 имеет вес: 3.382625524658546e-05 
Атрибут  Attr_199 имеет вес: 3.3031398944535755e-05 
Атрибут  Attr_464 имеет вес: 3.3020456293048056e-05 
Атрибут  Attr_397 имеет вес: 3.2946409090900626e-05 
Атрибут  Attr_6 имеет вес: 3.268822643574449e-05 
Атрибут  Attr_88 имеет вес: 3.247507999423418e-05 
Атрибут  Attr_182 имеет вес: 3.2175557478949914e-05 
Атрибут  Attr_264 имеет вес: 3.1739727627878735e-05 
Атрибут  Attr_38 имеет вес: 3.098223018523619e-05 
Атрибут  Attr_391 имеет вес: 3.050762262803138e-05 
Атрибут  Attr_360 имеет вес: 3.0417511899262217e-05 
Атрибут  Attr_60 имеет вес: 3.001601041050169e-05 
Атрибут  Attr_352 имеет вес: 2.995248714417367e-05 
Атрибут  Attr_3 имеет вес: 2.9716370841770196e-05 
Атрибут  Attr_105 имеет вес: 2.9389289472260638e-05 
Атрибут  Attr_150 имеет вес: 2.938047751059014e-05 
Атрибут  Attr_435 имеет вес: 2.918869819131446e-05 
Атрибут  Attr_467 имеет вес: 2.893756234691215e-05 
Атрибут  Attr_83 имеет вес: 2.885648053382159e-05 
Атрибут  Attr_168 имеет вес: 2.8588992460958987e-05 
Атрибут  Attr_152 имеет вес: 2.84708393926978e-05 
Атрибут  Attr_205 имеет вес: 2.8356706947458165e-05 
Атрибут  Attr_27 имеет вес: 2.8288974856909967e-05 
Атрибут  Attr_183 имеет вес: 2.8159887778348925e-05 
Атрибут  Attr_251 имеет вес: 2.800195934719427e-05 
Атрибут  Attr_392 имеет вес: 2.7683188128658386e-05 
Атрибут  Attr_342 имеет вес: 2.7590126580615945e-05 
Атрибут  Attr_162 имеет вес: 2.7530603655931942e-05 
Атрибут  Attr_488 имеет вес: 2.7370658624221683e-05 
Атрибут  Attr_318 имеет вес: 2.7233519973260014e-05 
Атрибут  Attr_122 имеет вес: 2.7025230947735558e-05 
Атрибут  Attr_446 имеет вес: 2.7017148656594656e-05 
Атрибут  Attr_97 имеет вес: 2.686025154390154e-05 
Атрибут  Attr_24 имеет вес: 2.677216868607086e-05 
Атрибут  Attr_276 имеет вес: 2.6215926322251075e-05 
Атрибут  Attr_254 имеет вес: 2.6190854472422927e-05 
Атрибут  Attr_145 имеет вес: 2.6036246437831712e-05 
Атрибут  Attr_509 имеет вес: 2.5821770675582425e-05 
Атрибут  Attr_370 имеет вес: 2.5623681612884446e-05 
Атрибут  Attr_112 имеет вес: 2.5182013603970036e-05 
Атрибут  Attr_29 имеет вес: 2.5077633447675594e-05 
Атрибут  Attr_172 имеет вес: 2.4943502965826e-05 
Атрибут  Attr_539 имеет вес: 2.4892894762690536e-05 
Атрибут  Attr_321 имеет вес: 2.4778103436751713e-05 
Атрибут  Attr_379 имеет вес: 2.452994151229125e-05 
Атрибут  Attr_63 имеет вес: 2.4031108003790116e-05 
Атрибут  Attr_477 имеет вес: 2.3944691143174006e-05 
Атрибут  Attr_405 имеет вес: 2.361641133617899e-05 
Атрибут  Attr_194 имеет вес: 2.3590143716959804e-05 
Атрибут  Attr_421 имеет вес: 2.3568294639359337e-05 
Атрибут  Attr_223 имеет вес: 2.318278752592818e-05 
Атрибут  Attr_123 имеет вес: 2.3075801450482804e-05 
Атрибут  Attr_190 имеет вес: 2.297304986070166e-05 
Атрибут  Attr_188 имеет вес: 2.268306595894224e-05 
Атрибут  Attr_106 имеет вес: 2.246718880380093e-05 
Атрибут  Attr_61 имеет вес: 2.232696395622616e-05 
Атрибут  Attr_215 имеет вес: 2.2323445335800195e-05 
Атрибут  Attr_1 имеет вес: 2.223568215273091e-05 
Атрибут  Attr_293 имеет вес: 2.2207990281518184e-05 
Атрибут  Attr_36 имеет вес: 2.220671099208403e-05 
Атрибут  Attr_169 имеет вес: 2.1996548812448734e-05 
Атрибут  Attr_329 имеет вес: 2.1625766927382763e-05 
Атрибут  Attr_93 имеет вес: 2.1574191620721237e-05 
Атрибут  Attr_378 имеет вес: 2.1384167870353886e-05 
Атрибут  Attr_111 имеет вес: 2.1233778938034016e-05 
Атрибут  Attr_413 имеет вес: 2.107508577984251e-05 
Атрибут  Attr_444 имеет вес: 2.0655582259126826e-05 
Атрибут  Attr_44 имеет вес: 2.0576146839193143e-05 
Атрибут  Attr_470 имеет вес: 2.0514105715785962e-05 
Атрибут  Attr_148 имеет вес: 2.0450778018019905e-05 
Атрибут  Attr_363 имеет вес: 2.033909456711631e-05 
Атрибут  Attr_178 имеет вес: 2.0329981582968344e-05 
Атрибут  Attr_341 имеет вес: 2.026717952436332e-05 
Атрибут  Attr_191 имеет вес: 2.0230027536552975e-05 
Атрибут  Attr_35 имеет вес: 2.0060896370134183e-05 
Атрибут  Attr_110 имеет вес: 1.9985274933221455e-05 
Атрибут  Attr_315 имеет вес: 1.9903974236225807e-05 
Атрибут  Attr_95 имеет вес: 1.984052767043822e-05 
Атрибут  Attr_147 имеет вес: 1.983734209363288e-05 
Атрибут  Attr_377 имеет вес: 1.9795320510789397e-05 
Атрибут  Attr_15 имеет вес: 1.958001282710065e-05 
Атрибут  Attr_347 имеет вес: 1.9342476065736463e-05 
Атрибут  Attr_547 имеет вес: 1.9312257753707217e-05 
Атрибут  Attr_17 имеет вес: 1.930784046525882e-05 
Атрибут  Attr_273 имеет вес: 1.9211879944353588e-05 
Атрибут  Attr_308 имеет вес: 1.902469571291662e-05 
Атрибут  Attr_337 имеет вес: 1.8929445916018104e-05 
Атрибут  Attr_404 имеет вес: 1.8840065862032885e-05 
Атрибут  Attr_77 имеет вес: 1.8702367755264024e-05 
Атрибут  Attr_512 имеет вес: 1.8116623153429164e-05 
Атрибут  Attr_192 имеет вес: 1.8093933227968916e-05 
Атрибут  Attr_306 имеет вес: 1.800869781595273e-05 
Атрибут  Attr_261 имеет вес: 1.798276227896421e-05 
Атрибут  Attr_530 имеет вес: 1.7866412770189937e-05 
Атрибут  Attr_286 имеет вес: 1.7761386351820766e-05 
Атрибут  Attr_414 имеет вес: 1.769081236913756e-05 
Атрибут  Attr_533 имеет вес: 1.743126014260376e-05 
Атрибут  Attr_28 имеет вес: 1.7231725566921765e-05 
Атрибут  Attr_0 имеет вес: 1.7217581578007586e-05 
Атрибут  Attr_490 имеет вес: 1.710371938820173e-05 
Атрибут  Attr_113 имеет вес: 1.6932528393022075e-05 
Атрибут  Attr_137 имеет вес: 1.682331514639517e-05 
Атрибут  Attr_373 имеет вес: 1.674625716776053e-05 
Атрибут  Attr_86 имеет вес: 1.6659086783118548e-05 
Атрибут  Attr_80 имеет вес: 1.646443295570703e-05 
Атрибут  Attr_453 имеет вес: 1.6281328848447363e-05 
Атрибут  Attr_483 имеет вес: 1.6126119027117275e-05 
Атрибут  Attr_115 имеет вес: 1.599039528121348e-05 
Атрибут  Attr_494 имеет вес: 1.5775491467502268e-05 
Атрибут  Attr_47 имеет вес: 1.558705483801898e-05 
Атрибут  Attr_31 имеет вес: 1.552152592255986e-05 
Атрибут  Attr_153 имеет вес: 1.5395329919047032e-05 
Атрибут  Attr_138 имеет вес: 1.5348704577078165e-05 
Атрибут  Attr_399 имеет вес: 1.530967580170272e-05 
Атрибут  Attr_258 имеет вес: 1.5258675250080154e-05 
Атрибут  Attr_26 имеет вес: 1.5253568018121697e-05 
Атрибут  Attr_422 имеет вес: 1.5213289055750691e-05 
Атрибут  Attr_305 имеет вес: 1.5149656951096325e-05 
Атрибут  Attr_554 имеет вес: 1.475434808653041e-05 
Атрибут  Attr_335 имеет вес: 1.4708197592530564e-05 
Атрибут  Attr_540 имеет вес: 1.4519145853967114e-05 
Атрибут  Attr_531 имеет вес: 1.4401538713212763e-05 
Атрибут  Attr_487 имеет вес: 1.4319790567998823e-05 
Атрибут  Attr_372 имеет вес: 1.4310817163495341e-05 
Атрибут  Attr_285 имеет вес: 1.4024453729091325e-05 
Атрибут  Attr_536 имеет вес: 1.4005849782978059e-05 
Атрибут  Attr_396 имеет вес: 1.3927975775966037e-05 
Атрибут  Attr_528 имеет вес: 1.3924603476552854e-05 
Атрибут  Attr_544 имеет вес: 1.3844094815632779e-05 
Атрибут  Attr_18 имеет вес: 1.3778829374012352e-05 
Атрибут  Attr_10 имеет вес: 1.3775153537407598e-05 
Атрибут  Attr_193 имеет вес: 1.3733571257699158e-05 
Атрибут  Attr_279 имеет вес: 1.2920145985113626e-05 
Атрибут  Attr_84 имеет вес: 1.2849574874699768e-05 
Атрибут  Attr_395 имеет вес: 1.2849050740032703e-05 
Атрибут  Attr_468 имеет вес: 1.2784798580779153e-05 
Атрибут  Attr_416 имеет вес: 1.2768013803308777e-05 
Атрибут  Attr_227 имеет вес: 1.2495459452531234e-05 
Атрибут  Attr_369 имеет вес: 1.2402989349302069e-05 
Атрибут  Attr_525 имеет вес: 1.2385861653651478e-05 
Атрибут  Attr_256 имеет вес: 1.2373093506528987e-05 
Атрибут  Attr_232 имеет вес: 1.2180074875757064e-05 
Атрибут  Attr_165 имеет вес: 1.215519868949947e-05 
Атрибут  Attr_247 имеет вес: 1.1970168197789632e-05 
Атрибут  Attr_415 имеет вес: 1.1873253147375696e-05 
Атрибут  Attr_219 имеет вес: 1.1482971548948325e-05 
Атрибут  Attr_376 имеет вес: 1.1377688210621224e-05 
Атрибут  Attr_323 имеет вес: 1.1362699720628538e-05 
Атрибут  Attr_167 имеет вес: 1.1330552693414733e-05 
Атрибут  Attr_243 имеет вес: 1.1282185437034324e-05 
Атрибут  Attr_543 имеет вес: 1.1253881717347899e-05 
Атрибут  Attr_537 имеет вес: 1.1188843265588856e-05 
Атрибут  Attr_402 имеет вес: 1.0966305502052627e-05 
Атрибут  Attr_78 имеет вес: 1.0876742577772097e-05 
Атрибут  Attr_384 имеет вес: 1.0818527317633937e-05 
Атрибут  Attr_212 имеет вес: 1.0643076516941896e-05 
Атрибут  Attr_330 имеет вес: 1.0497516014378699e-05 
Атрибут  Attr_455 имеет вес: 1.0295806282707155e-05 
Атрибут  Attr_241 имеет вес: 1.0147989028896019e-05 
Атрибут  Attr_72 имеет вес: 1.0024690432036887e-05 
Атрибут  Attr_224 имеет вес: 9.957329407259194e-06 
Атрибут  Attr_239 имеет вес: 9.908133138756271e-06 
Атрибут  Attr_419 имеет вес: 9.81933596302696e-06 
Атрибут  Attr_385 имеет вес: 9.762413818121862e-06 
Атрибут  Attr_465 имеет вес: 9.540435034196443e-06 
Атрибут  Attr_400 имеет вес: 9.511410179474056e-06 
Атрибут  Attr_364 имеет вес: 9.370721362364697e-06 
Атрибут  Attr_355 имеет вес: 9.344849119969928e-06 
Атрибут  Attr_48 имеет вес: 9.302328075696433e-06 
Атрибут  Attr_401 имеет вес: 9.289107186313438e-06 
Атрибут  Attr_493 имеет вес: 9.134896737783705e-06 
Атрибут  Attr_334 имеет вес: 9.117955777007399e-06 
Атрибут  Attr_520 имеет вес: 8.912610183828714e-06 
Атрибут  Attr_280 имеет вес: 8.84631858361493e-06 
Атрибут  Attr_242 имеет вес: 8.801204209606245e-06 
Атрибут  Attr_351 имеет вес: 8.700463182506384e-06 
Атрибут  Attr_34 имеет вес: 8.669947989374191e-06 
Атрибут  Attr_365 имеет вес: 8.549028711210154e-06 
Атрибут  Attr_85 имеет вес: 8.537033291612822e-06 
Атрибут  Attr_424 имеет вес: 8.512419816987444e-06 
Атрибут  Attr_447 имеет вес: 8.288254274622334e-06 
Атрибут  Attr_466 имеет вес: 8.285082238022427e-06 
Атрибут  Attr_263 имеет вес: 8.248724318002028e-06 
Атрибут  Attr_143 имеет вес: 8.189900250755985e-06 
Атрибут  Attr_412 имеет вес: 8.093877420955667e-06 
Атрибут  Attr_4 имеет вес: 8.06685746472817e-06 
Атрибут  Attr_485 имеет вес: 8.05598442824669e-06 
Атрибут  Attr_519 имеет вес: 8.044079894014132e-06 
Атрибут  Attr_59 имеет вес: 8.01553190198226e-06 
Атрибут  Attr_304 имеет вес: 7.830450634031253e-06 
Атрибут  Attr_303 имеет вес: 7.828381860904803e-06 
Атрибут  Attr_240 имеет вес: 7.808107984300648e-06 
Атрибут  Attr_221 имеет вес: 7.776174739443008e-06 
Атрибут  Attr_348 имеет вес: 7.75740327547914e-06 
Атрибут  Attr_350 имеет вес: 7.56870617479835e-06 
Атрибут  Attr_288 имеет вес: 7.565581389294714e-06 
Атрибут  Attr_208 имеет вес: 7.52701171779191e-06 
Атрибут  Attr_32 имеет вес: 7.329231309589033e-06 
Атрибут  Attr_500 имеет вес: 7.2794447550046095e-06 
Атрибут  Attr_317 имеет вес: 7.146980683743683e-06 
Атрибут  Attr_299 имеет вес: 7.0838236707918965e-06 
Атрибут  Attr_87 имеет вес: 6.980988465501521e-06 
Атрибут  Attr_398 имеет вес: 6.925423128458168e-06 
Атрибут  Attr_331 имеет вес: 6.855976402034973e-06 
Атрибут  Attr_344 имеет вес: 6.847412119314431e-06 
Атрибут  Attr_164 имеет вес: 6.783277645998649e-06 
Атрибут  Attr_440 имеет вес: 6.743933154728834e-06 
Атрибут  Attr_522 имеет вес: 6.669669548076878e-06 
Атрибут  Attr_109 имеет вес: 6.485398254470367e-06 
Атрибут  Attr_332 имеет вес: 6.4727332451083195e-06 
Атрибут  Attr_289 имеет вес: 6.428125413700072e-06 
Атрибут  Attr_175 имеет вес: 6.418516913980231e-06 
Атрибут  Attr_366 имеет вес: 6.37466342391362e-06 
Атрибут  Attr_225 имеет вес: 6.249870604413103e-06 
Атрибут  Attr_555 имеет вес: 6.126454157952055e-06 
Атрибут  Attr_478 имеет вес: 6.108376615826022e-06 
Атрибут  Attr_312 имеет вес: 6.0422952670280356e-06 
Атрибут  Attr_551 имеет вес: 6.007643440385868e-06 
Атрибут  Attr_515 имеет вес: 6.006429836149727e-06 
Атрибут  Attr_420 имеет вес: 5.959716415551788e-06 
Атрибут  Attr_320 имеет вес: 5.945823070541583e-06 
Атрибут  Attr_292 имеет вес: 5.88521843477313e-06 
Атрибут  Attr_356 имеет вес: 5.802983457900964e-06 
Атрибут  Attr_244 имеет вес: 5.752835622587914e-06 
Атрибут  Attr_218 имеет вес: 5.695770949238697e-06 
Атрибут  Attr_481 имеет вес: 5.652056894425745e-06 
Атрибут  Attr_309 имеет вес: 5.388183068144309e-06 
Атрибут  Attr_96 имеет вес: 5.3861374134322384e-06 
Атрибут  Attr_131 имеет вес: 5.377417483784714e-06 
Атрибут  Attr_134 имеет вес: 5.339766453111553e-06 
Атрибут  Attr_90 имеет вес: 5.214673743196347e-06 
Атрибут  Attr_294 имеет вес: 5.18516033043932e-06 
Атрибут  Attr_328 имеет вес: 5.1170466801677085e-06 
Атрибут  Attr_471 имеет вес: 4.965292724682415e-06 
Атрибут  Attr_327 имеет вес: 4.938520867405178e-06 
Атрибут  Attr_549 имеет вес: 4.841866749934492e-06 
Атрибут  Attr_151 имеет вес: 4.791506177951836e-06 
Атрибут  Attr_271 имеет вес: 4.7802919671859635e-06 
Атрибут  Attr_272 имеет вес: 4.749828689164446e-06 
Атрибут  Attr_506 имеет вес: 4.705917808935363e-06 
Атрибут  Attr_161 имеет вес: 4.699160445656376e-06 
Атрибут  Attr_313 имеет вес: 4.587023457128663e-06 
Атрибут  Attr_98 имеет вес: 4.5699516476980025e-06 
Атрибут  Attr_476 имеет вес: 4.535601211576251e-06 
Атрибут  Attr_529 имеет вес: 4.430258062770052e-06 
Атрибут  Attr_325 имеет вес: 4.347736072635192e-06 
Атрибут  Attr_20 имеет вес: 4.318666996698145e-06 
Атрибут  Attr_64 имеет вес: 4.28939498175434e-06 
Атрибут  Attr_319 имеет вес: 4.260744935920894e-06 
Атрибут  Attr_177 имеет вес: 4.194385637352085e-06 
Атрибут  Attr_548 имеет вес: 4.148293487491021e-06 
Атрибут  Attr_367 имеет вес: 4.128131944979344e-06 
Атрибут  Attr_267 имеет вес: 4.063403358098271e-06 
Атрибут  Attr_99 имеет вес: 4.017136684718956e-06 
Атрибут  Attr_252 имеет вес: 3.946570586288113e-06 
Атрибут  Attr_514 имеет вес: 3.681742532813833e-06 
Атрибут  Attr_103 имеет вес: 3.6662479297754424e-06 
Атрибут  Attr_517 имеет вес: 3.6266390251089193e-06 
Атрибут  Attr_5 имеет вес: 3.559070512885155e-06 
Атрибут  Attr_307 имеет вес: 3.5588375532974927e-06 
Атрибут  Attr_291 имеет вес: 3.5146579426637296e-06 
Атрибут  Attr_362 имеет вес: 3.3571014134702015e-06 
Атрибут  Attr_200 имеет вес: 3.3436132604612106e-06 
Атрибут  Attr_278 имеет вес: 3.117831853197925e-06 
Атрибут  Attr_473 имеет вес: 2.3723317393118476e-06 
Атрибут  Attr_249 имеет вес: 2.369526837370659e-06 
Атрибут  Attr_336 имеет вес: 2.3658195453764154e-06 
Атрибут  Attr_546 имеет вес: 2.348426746993751e-06 
Атрибут  Attr_260 имеет вес: 2.336208834896329e-06 
Атрибут  Attr_322 имеет вес: 2.3352159744951245e-06 
Атрибут  Attr_390 имеет вес: 2.324096039968585e-06 
Атрибут  Attr_296 имеет вес: 2.3132526927193083e-06 
Атрибут  Attr_417 имеет вес: 2.306986999568474e-06 
Атрибут  Attr_25 имеет вес: 2.2998945272090506e-06 
Атрибут  Attr_255 имеет вес: 2.2228402780657873e-06 
Атрибут  Attr_119 имеет вес: 2.1926717712256246e-06 
Атрибут  Attr_174 имеет вес: 2.119010281085099e-06 
Атрибут  Attr_357 имеет вес: 2.0744436265123584e-06 
Атрибут  Attr_245 имеет вес: 2.072063568655592e-06 
Атрибут  Attr_492 имеет вес: 2.022067987501286e-06 
Атрибут  Attr_339 имеет вес: 1.958309157857571e-06 
Атрибут  Attr_284 имеет вес: 1.9264615743236808e-06 
Атрибут  Attr_406 имеет вес: 1.8781473241548188e-06 
Атрибут  Attr_140 имеет вес: 1.7975017698416275e-06 
Атрибут  Attr_408 имеет вес: 1.7899738209998529e-06 
Атрибут  Attr_343 имеет вес: 1.778094537010593e-06 
Атрибут  Attr_535 имеет вес: 1.760763116395141e-06 
Атрибут  Attr_394 имеет вес: 1.7430720299764386e-06 
Атрибут  Attr_346 имеет вес: 1.611196885649338e-06 
Атрибут  Attr_324 имеет вес: 1.5977793509703426e-06 
Атрибут  Attr_428 имеет вес: 1.5922023699434183e-06 
Атрибут  Attr_311 имеет вес: 1.5922023699433863e-06 
Атрибут  Attr_480 имеет вес: 1.589257710813822e-06 
Атрибут  Attr_101 имеет вес: 1.5843545454120343e-06 
Атрибут  Attr_253 имеет вес: 1.5712491127609138e-06 
Атрибут  Attr_338 имеет вес: 1.2040384839523028e-06 
Атрибут  Attr_345 имеет вес: 1.1983345132277519e-06 
Атрибут  Attr_427 имеет вес: 1.1933158806665689e-06 
Атрибут  Attr_521 имеет вес: 1.1919432831103684e-06 
Атрибут  Attr_234 имеет вес: 1.174125433698172e-06 
Атрибут  Attr_213 имеет вес: 1.1738420775967607e-06 
Атрибут  Attr_498 имеет вес: 0.0 
Атрибут  Attr_125 имеет вес: 0.0 
Атрибут  Attr_388 имеет вес: 0.0 
Атрибут  Attr_382 имеет вес: 0.0 
Атрибут  Attr_541 имеет вес: 0.0 
Атрибут  Attr_542 имеет вес: 0.0 
Атрибут  Attr_14 имеет вес: 0.0 
Атрибут  Attr_380 имеет вес: 0.0 
Атрибут  Attr_545 имеет вес: 0.0 
Атрибут  Attr_8 имеет вес: 0.0 
Атрибут  Attr_180 имеет вес: 0.0 
Атрибут  Attr_100 имеет вес: 0.0 
Атрибут  Attr_368 имеет вес: 0.0 
Атрибут  Attr_326 имеет вес: 0.0 
Атрибут  Attr_361 имеет вес: 0.0 
Атрибут  Attr_359 имеет вес: 0.0 
Атрибут  Attr_144 имеет вес: 0.0 
Атрибут  Attr_349 имеет вес: 0.0 
Атрибут  Attr_163 имеет вес: 0.0 
Атрибут  Attr_407 имеет вес: 0.0 
Атрибут  Attr_21 имеет вес: 0.0 
Атрибут  Attr_45 имеет вес: 0.0 
Атрибут  Attr_92 имеет вес: 0.0 
Атрибут  Attr_496 имеет вес: 0.0 
Атрибут  Attr_265 имеет вес: 0.0 
Атрибут  Attr_266 имеет вес: 0.0 
Атрибут  Attr_484 имеет вес: 0.0 
Атрибут  Attr_475 имеет вес: 0.0 
Атрибут  Attr_282 имеет вес: 0.0 
Атрибут  Attr_33 имеет вес: 0.0 
Атрибут  Attr_283 имеет вес: 0.0 
Атрибут  Attr_220 имеет вес: 0.0 
Атрибут  Attr_445 имеет вес: 0.0 
Атрибут  Attr_442 имеет вес: 0.0 
Атрибут  Attr_438 имеет вес: 0.0 
Атрибут  Attr_436 имеет вес: 0.0 
Атрибут  Attr_226 имеет вес: 0.0 
Атрибут  Attr_81 имеет вес: 0.0 
Атрибут  Attr_534 имеет вес: 0.0 
Атрибут  Attr_82 имеет вес: 0.0 
Атрибут  Attr_333 имеет вес: 0.0 
Релевантные атрибуты: ['Attr_381', 'Attr_389', 'Attr_181', 'Attr_52', 'Attr_353', 'Attr_393', 'Attr_69', 'Attr_73', 'Attr_56', 'Attr_503', 'Attr_559', 'Attr_74', 'Attr_40', 'Attr_41', 'Attr_558', 'Attr_302', 'Attr_450', 'Attr_57', 'Attr_50', 'Attr_37', 'Attr_53', 'Attr_448', 'Attr_274', 'Attr_75', 'Attr_70', 'Attr_9', 'Attr_129', 'Attr_159', 'Attr_104', 'Attr_76', 'Attr_89', 'Attr_132', 'Attr_209', 'Attr_222', 'Attr_157', 'Attr_434', 'Attr_117', 'Attr_504', 'Attr_502', 'Attr_451', 'Attr_457', 'Attr_65', 'Attr_316', 'Attr_139', 'Attr_130', 'Attr_268', 'Attr_66', 'Attr_196', 'Attr_55', 'Attr_128', 'Attr_166', 'Attr_432', 'Attr_197', 'Attr_409', 'Attr_275', 'Attr_91', 'Attr_158', 'Attr_461', 'Attr_42', 'Attr_201', 'Attr_39', 'Attr_149', 'Attr_198', 'Attr_295', 'Attr_429', 'Attr_67', 'Attr_184', 'Attr_237', 'Attr_214', 'Attr_136', 'Attr_505', 'Attr_281', 'Attr_236', 'Attr_371', 'Attr_526', 'Attr_449', 'Attr_23', 'Attr_474', 'Attr_51', 'Attr_538', 'Attr_179', 'Attr_206', 'Attr_54', 'Attr_262', 'Attr_426', 'Attr_187', 'Attr_186', 'Attr_124', 'Attr_507', 'Attr_141', 'Attr_423', 'Attr_556', 'Attr_22', 'Attr_185', 'Attr_102', 'Attr_298', 'Attr_439', 'Attr_297', 'Attr_375', 'Attr_49', 'Attr_495', 'Attr_497', 'Attr_108', 'Attr_560', 'Attr_202', 'Attr_418', 'Attr_300', 'Attr_433', 'Attr_142', 'Attr_154', 'Attr_458', 'Attr_287', 'Attr_410', 'Attr_58', 'Attr_43', 'Attr_454', 'Attr_62', 'Attr_216', 'Attr_171', 'Attr_11', 'Attr_228', 'Attr_491', 'Attr_94', 'Attr_354', 'Attr_121', 'Attr_310', 'Attr_156', 'Attr_314', 'Attr_340', 'Attr_472', 'Attr_460', 'Attr_155', 'Attr_518', 'Attr_120', 'Attr_71', 'Attr_133', 'Attr_210', 'Attr_443', 'Attr_431', 'Attr_248', 'Attr_358', 'Attr_46', 'Attr_550', 'Attr_2', 'Attr_462', 'Attr_527', 'Attr_173', 'Attr_68', 'Attr_290', 'Attr_231', 'Attr_7', 'Attr_118', 'Attr_374', 'Attr_411', 'Attr_552', 'Attr_233', 'Attr_482', 'Attr_441', 'Attr_557', 'Attr_127', 'Attr_217', 'Attr_383', 'Attr_269', 'Attr_277', 'Attr_189', 'Attr_463', 'Attr_403', 'Attr_459', 'Attr_499', 'Attr_13', 'Attr_19', 'Attr_456', 'Attr_452', 'Attr_176', 'Attr_114', 'Attr_230', 'Attr_107', 'Attr_203', 'Attr_516', 'Attr_195', 'Attr_510', 'Attr_79', 'Attr_16', 'Attr_486', 'Attr_259', 'Attr_135', 'Attr_170', 'Attr_386', 'Attr_301', 'Attr_229', 'Attr_508', 'Attr_430', 'Attr_532', 'Attr_387', 'Attr_553', 'Attr_116', 'Attr_160', 'Attr_257', 'Attr_238', 'Attr_437', 'Attr_246', 'Attr_12', 'Attr_250', 'Attr_30', 'Attr_146', 'Attr_501', 'Attr_235', 'Attr_524', 'Attr_270', 'Attr_523', 'Attr_425', 'Attr_511', 'Attr_489', 'Attr_204', 'Attr_211', 'Attr_513', 'Attr_469', 'Attr_126', 'Attr_207', 'Attr_479', 'Attr_199', 'Attr_464', 'Attr_397', 'Attr_6', 'Attr_88', 'Attr_182', 'Attr_264', 'Attr_38', 'Attr_391', 'Attr_360', 'Attr_60', 'Attr_352', 'Attr_3', 'Attr_105', 'Attr_150', 'Attr_435', 'Attr_467', 'Attr_83', 'Attr_168', 'Attr_152', 'Attr_205', 'Attr_27', 'Attr_183', 'Attr_251', 'Attr_392', 'Attr_342', 'Attr_162', 'Attr_488', 'Attr_318', 'Attr_122', 'Attr_446', 'Attr_97', 'Attr_24', 'Attr_276', 'Attr_254', 'Attr_145', 'Attr_509', 'Attr_370', 'Attr_112', 'Attr_29', 'Attr_172', 'Attr_539', 'Attr_321', 'Attr_379', 'Attr_63', 'Attr_477', 'Attr_405', 'Attr_194', 'Attr_421', 'Attr_223', 'Attr_123', 'Attr_190', 'Attr_188', 'Attr_106', 'Attr_61', 'Attr_215', 'Attr_1', 'Attr_293', 'Attr_36', 'Attr_169', 'Attr_329', 'Attr_93', 'Attr_378', 'Attr_111', 'Attr_413', 'Attr_444', 'Attr_44', 'Attr_470', 'Attr_148', 'Attr_363', 'Attr_178', 'Attr_341', 'Attr_191', 'Attr_35', 'Attr_110', 'Attr_315', 'Attr_95', 'Attr_147', 'Attr_377', 'Attr_15', 'Attr_347', 'Attr_547', 'Attr_17', 'Attr_273', 'Attr_308', 'Attr_337', 'Attr_404', 'Attr_77', 'Attr_512', 'Attr_192', 'Attr_306', 'Attr_261', 'Attr_530', 'Attr_286', 'Attr_414', 'Attr_533', 'Attr_28', 'Attr_0', 'Attr_490', 'Attr_113', 'Attr_137', 'Attr_373', 'Attr_86', 'Attr_80', 'Attr_453', 'Attr_483', 'Attr_115', 'Attr_494', 'Attr_47', 'Attr_31', 'Attr_153', 'Attr_138', 'Attr_399', 'Attr_258', 'Attr_26', 'Attr_422', 'Attr_305', 'Attr_554', 'Attr_335', 'Attr_540', 'Attr_531', 'Attr_487', 'Attr_372', 'Attr_285', 'Attr_536', 'Attr_396', 'Attr_528', 'Attr_544', 'Attr_18', 'Attr_10', 'Attr_193', 'Attr_279', 'Attr_84', 'Attr_395', 'Attr_468', 'Attr_416', 'Attr_227', 'Attr_369', 'Attr_525', 'Attr_256', 'Attr_232', 'Attr_165', 'Attr_247', 'Attr_415', 'Attr_219', 'Attr_376', 'Attr_323', 'Attr_167', 'Attr_243', 'Attr_543', 'Attr_537', 'Attr_402', 'Attr_78', 'Attr_384', 'Attr_212', 'Attr_330', 'Attr_455', 'Attr_241', 'Attr_72', 'Attr_224', 'Attr_239', 'Attr_419', 'Attr_385', 'Attr_465', 'Attr_400', 'Attr_364', 'Attr_355', 'Attr_48', 'Attr_401', 'Attr_493', 'Attr_334', 'Attr_520', 'Attr_280', 'Attr_242', 'Attr_351', 'Attr_34', 'Attr_365', 'Attr_85', 'Attr_424', 'Attr_447', 'Attr_466', 'Attr_263', 'Attr_143', 'Attr_412', 'Attr_4', 'Attr_485', 'Attr_519', 'Attr_59', 'Attr_304', 'Attr_303', 'Attr_240', 'Attr_221', 'Attr_348', 'Attr_350', 'Attr_288', 'Attr_208', 'Attr_32', 'Attr_500', 'Attr_317', 'Attr_299', 'Attr_87', 'Attr_398', 'Attr_331', 'Attr_344', 'Attr_164', 'Attr_440', 'Attr_522', 'Attr_109', 'Attr_332', 'Attr_289', 'Attr_175', 'Attr_366', 'Attr_225', 'Attr_555', 'Attr_478', 'Attr_312', 'Attr_551', 'Attr_515', 'Attr_420', 'Attr_320', 'Attr_292', 'Attr_356', 'Attr_244', 'Attr_218', 'Attr_481', 'Attr_309', 'Attr_96', 'Attr_131', 'Attr_134', 'Attr_90', 'Attr_294', 'Attr_328', 'Attr_471', 'Attr_327', 'Attr_549', 'Attr_151', 'Attr_271', 'Attr_272', 'Attr_506', 'Attr_161', 'Attr_313', 'Attr_98', 'Attr_476', 'Attr_529', 'Attr_325', 'Attr_20', 'Attr_64', 'Attr_319', 'Attr_177', 'Attr_548', 'Attr_367', 'Attr_267', 'Attr_99', 'Attr_252', 'Attr_514', 'Attr_103', 'Attr_517', 'Attr_5', 'Attr_307', 'Attr_291', 'Attr_362', 'Attr_200', 'Attr_278', 'Attr_473', 'Attr_249', 'Attr_336', 'Attr_546', 'Attr_260', 'Attr_322', 'Attr_390', 'Attr_296', 'Attr_417', 'Attr_25', 'Attr_255', 'Attr_119', 'Attr_174', 'Attr_357', 'Attr_245', 'Attr_492', 'Attr_339', 'Attr_284', 'Attr_406', 'Attr_140', 'Attr_408', 'Attr_343', 'Attr_535', 'Attr_394', 'Attr_346', 'Attr_324', 'Attr_428', 'Attr_311', 'Attr_480', 'Attr_101', 'Attr_253', 'Attr_338', 'Attr_345', 'Attr_427', 'Attr_521', 'Attr_234', 'Attr_213'] 
-------------------------------------- 
Атрибуты для фича-инженеринга ['Attr_381', 'Attr_389', 'Attr_181', 'Attr_52', 'Attr_353'] 
Выполнение функции "Вычисление градиентного бустинга" начало:2024-05-30 15:10:47.129593 
 Report for GradientBoostingClassifier method 
Accuracy: 0.92 
Classification Report: 
              precision    recall  f1-score   support

           0       1.00      1.00      1.00       537
           1       0.90      0.79      0.85       491
           2       0.82      0.92      0.87       532
           3       0.93      0.97      0.95       496
           4       0.97      0.89      0.93       420
           5       0.91      0.92      0.91       471

    accuracy                           0.92      2947
   macro avg       0.92      0.92      0.92      2947
weighted avg       0.92      0.92      0.92      2947
 
Выполнение функции "Вычисление градиентного бустинга" завершение: 2024-05-30 16:09:23.933425 
Выполнение функции "Вычисление градиентного бустинга" длительность: 3516.803820848465 
Выполнение функции "Вычисление  CatBoosting" начало:2024-05-30 16:09:23.933540 
 Report for CatBoostClassifier method 
Accuracy: 0.91 
Classification Report: 
              precision    recall  f1-score   support

           0       1.00      1.00      1.00       537
           1       0.90      0.80      0.85       491
           2       0.83      0.92      0.88       532
           3       0.90      0.96      0.93       496
           4       0.96      0.86      0.91       420
           5       0.87      0.90      0.89       471

    accuracy                           0.91      2947
   macro avg       0.91      0.91      0.91      2947
weighted avg       0.91      0.91      0.91      2947
 
Выполнение функции "Вычисление  CatBoosting" завершение: 2024-05-30 16:09:55.971271 
Выполнение функции "Вычисление  CatBoosting" длительность: 32.037720680236816 
Выполнение функции "Вычисление Ada Boost" начало:2024-05-30 16:09:55.971396 
 Report for AdaBoostClassifier method 
Accuracy: 0.53 
Classification Report: 
              precision    recall  f1-score   support

           0       1.00      1.00      1.00       537
           1       0.00      0.00      0.00       491
           2       0.52      1.00      0.68       532
           3       0.36      1.00      0.53       496
           4       0.00      0.00      0.00       420
           5       0.00      0.00      0.00       471

    accuracy                           0.53      2947
   macro avg       0.31      0.50      0.37      2947
weighted avg       0.34      0.53      0.39      2947
 
Выполнение функции "Вычисление Ada Boost" завершение: 2024-05-30 16:11:44.630936 
Выполнение функции "Вычисление Ada Boost" длительность: 108.65950655937195 
Выполнение функции "Вычисление Extra Trees" начало:2024-05-30 16:11:44.631098 
 Report for ExtraTreesClassifier method 
Accuracy: 0.94 
Classification Report: 
              precision    recall  f1-score   support

           0       1.00      1.00      1.00       537
           1       0.97      0.90      0.93       491
           2       0.91      0.98      0.94       532
           3       0.92      0.97      0.94       496
           4       0.96      0.84      0.89       420
           5       0.89      0.94      0.91       471

    accuracy                           0.94      2947
   macro avg       0.94      0.94      0.94      2947
weighted avg       0.94      0.94      0.94      2947
 
Выполнение функции "Вычисление Extra Trees" завершение: 2024-05-30 16:11:48.093699 
Выполнение функции "Вычисление Extra Trees" длительность: 3.462599277496338 
Выполнение функции "Вычисление QDA" начало:2024-05-30 16:11:48.093780 
 Report for QuadraticDiscriminantAnalysis method 
Accuracy: 0.81 
Classification Report: 
              precision    recall  f1-score   support

           0       1.00      1.00      1.00       537
           1       0.90      0.79      0.84       491
           2       0.84      0.87      0.85       532
           3       0.85      0.70      0.77       496
           4       0.77      0.45      0.57       420
           5       0.59      0.98      0.74       471

    accuracy                           0.81      2947
   macro avg       0.83      0.80      0.79      2947
weighted avg       0.83      0.81      0.80      2947
 
Выполнение функции "Вычисление QDA" завершение: 2024-05-30 16:11:49.698716 
Выполнение функции "Вычисление QDA" длительность: 1.604886531829834 
Выполнение функции "Вычисление Light Gradient Boosting Machine" начало:2024-05-30 16:11:49.698895 
 Report for LGBMClassifier method 
Accuracy: 0.94 
Classification Report: 
              precision    recall  f1-score   support

           0       1.00      1.00      1.00       537
           1       0.93      0.83      0.88       491
           2       0.86      0.94      0.90       532
           3       0.93      0.98      0.96       496
           4       0.98      0.92      0.95       420
           5       0.93      0.93      0.93       471

    accuracy                           0.94      2947
   macro avg       0.94      0.93      0.94      2947
weighted avg       0.94      0.94      0.94      2947
 
Выполнение функции "Вычисление Light Gradient Boosting Machine" завершение: 2024-05-30 16:11:58.238460 
Выполнение функции "Вычисление Light Gradient Boosting Machine" длительность: 8.53955340385437 
Выполнение функции "Классификатор дерева решений" начало:2024-05-30 16:11:58.238610 
 Report for DecisionTreeClassifier method 
Accuracy: 0.86 
Classification Report: 
              precision    recall  f1-score   support

           0       1.00      1.00      1.00       537
           1       0.82      0.77      0.80       491
           2       0.80      0.85      0.82       532
           3       0.84      0.93      0.88       496
           4       0.88      0.82      0.85       420
           5       0.84      0.79      0.81       471

    accuracy                           0.86      2947
   macro avg       0.86      0.86      0.86      2947
weighted avg       0.86      0.86      0.86      2947
 
Выполнение функции "Классификатор дерева решений" завершение: 2024-05-30 16:12:01.460997 
Выполнение функции "Классификатор дерева решений" длительность: 3.2223830223083496 
Выполнение функции "Экстремальный градиентный бустинг" начало:2024-05-30 16:12:01.461064 
 Report for XGBClassifier method 
Accuracy: 0.94 
Classification Report: 
              precision    recall  f1-score   support

           0       1.00      1.00      1.00       537
           1       0.93      0.85      0.89       491
           2       0.87      0.94      0.91       532
           3       0.92      0.99      0.95       496
           4       0.98      0.91      0.94       420
           5       0.93      0.92      0.93       471

    accuracy                           0.94      2947
   macro avg       0.94      0.94      0.94      2947
weighted avg       0.94      0.94      0.94      2947
 
Выполнение функции "Экстремальный градиентный бустинг" завершение: 2024-05-30 16:12:07.344017 
Выполнение функции "Экстремальный градиентный бустинг" длительность: 5.882943868637085 
Выполнение функции "Фиктивный классификатор" начало:2024-05-30 16:12:07.344191 
 Report for DummyClassifier method 
Accuracy: 0.18 
Classification Report: 
              precision    recall  f1-score   support

           0       0.18      1.00      0.31       537
           1       0.00      0.00      0.00       491
           2       0.00      0.00      0.00       532
           3       0.00      0.00      0.00       496
           4       0.00      0.00      0.00       420
           5       0.00      0.00      0.00       471

    accuracy                           0.18      2947
   macro avg       0.03      0.17      0.05      2947
weighted avg       0.03      0.18      0.06      2947
 
Выполнение функции "Фиктивный классификатор" завершение: 2024-05-30 16:12:07.349951 
Выполнение функции "Фиктивный классификатор" длительность: 0.0057599544525146484 
Выполнение функции "SVM - линейное ядро" начало:2024-05-30 16:12:07.349998 
 Report for SVC method 
Accuracy: 0.96 
Classification Report: 
              precision    recall  f1-score   support

           0       1.00      1.00      1.00       537
           1       0.96      0.89      0.92       491
           2       0.91      0.96      0.94       532
           3       0.94      0.98      0.96       496
           4       0.99      0.93      0.96       420
           5       0.94      0.95      0.95       471

    accuracy                           0.96      2947
   macro avg       0.96      0.95      0.96      2947
weighted avg       0.96      0.96      0.96      2947
 
Выполнение функции "SVM - линейное ядро" завершение: 2024-05-30 16:12:09.053319 
Выполнение функции "SVM - линейное ядро" длительность: 1.7033159732818604 
Выполнение функции "K ближайших соседей" начало:2024-05-30 16:12:09.053412 
 Report for KNeighborsClassifier method 
Accuracy: 0.90 
Classification Report: 
              precision    recall  f1-score   support

           0       1.00      0.99      0.99       537
           1       0.87      0.85      0.86       491
           2       0.87      0.88      0.88       532
           3       0.84      0.98      0.90       496
           4       0.94      0.78      0.85       420
           5       0.91      0.90      0.90       471

    accuracy                           0.90      2947
   macro avg       0.90      0.90      0.90      2947
weighted avg       0.90      0.90      0.90      2947
 
Выполнение функции "K ближайших соседей" завершение: 2024-05-30 16:12:09.650879 
Выполнение функции "K ближайших соседей" длительность: 0.5974657535552979 
